yarn run v1.19.1
$ ./node_modules/.bin/babel  ./src --experimental --source-maps-inline -d ./dist && node ./dist  -f 0 -o json
src/command.js -> dist/command.js
src/config.js -> dist/config.js
src/decoder.js -> dist/decoder.js
src/etherscan.js -> dist/etherscan.js
src/eventChecker.js -> dist/eventChecker.js
src/index.js -> dist/index.js
src/jsonrpc.js -> dist/jsonrpc.js
src/loadContractManager.js -> dist/loadContractManager.js
src/logger.js -> dist/logger.js
src/output/graylogFormat.js -> dist/output/graylogFormat.js
src/output/index.js -> dist/output/index.js
src/output/terminalFormat.js -> dist/output/terminalFormat.js
src/utils.js -> dist/utils.js
src/web3/customRpc.js -> dist/web3/customRpc.js
src/web3/utils.js -> dist/web3/utils.js
src/web3/web3Provider.js -> dist/web3/web3Provider.js
dotenv-flow: "CONTRACTS_PATH" is already defined in `process.env` and will not be overwritten
dotenv-flow: "PRIVATE_KEY" is already defined in `process.env` and will not be overwritten
dotenv-flow: "BLOCKCHAIN_URL" is already defined in `process.env` and will not be overwritten
dotenv-flow: "NETWORK_ID" is already defined in `process.env` and will not be overwritten
dotenv-flow: "CK_SERVER_URL" is already defined in `process.env` and will not be overwritten
dotenv-flow: "SERVICE_NAME" is already defined in `process.env` and will not be overwritten
dotenv-flow: "LOG_DIR" is already defined in `process.env` and will not be overwritten
dotenv-flow: "NODE_ENV" is already defined in `process.env` and will not be overwritten
dotenv-flow: "CONTRACTS_PATH" is already defined in `process.env` and will not be overwritten
dotenv-flow: "PRIVATE_KEY" is already defined in `process.env` and will not be overwritten
dotenv-flow: "BLOCKCHAIN_URL" is already defined in `process.env` and will not be overwritten
dotenv-flow: "NETWORK_ID" is already defined in `process.env` and will not be overwritten
dotenv-flow: "CK_SERVER_URL" is already defined in `process.env` and will not be overwritten
dotenv-flow: "SERVICE_NAME" is already defined in `process.env` and will not be overwritten
dotenv-flow: "LOG_DIR" is already defined in `process.env` and will not be overwritten
dotenv-flow: "NODE_ENV" is already defined in `process.env` and will not be overwritten
disabled_event=ADDED_FUNDING
processId=2f24xecnp5qvhs712k21wa,event=NEW_CAMPAIGN,block_number=74,tx_hash=0xb8334bf2f929df3e7a281275beca49d3bf94b5d19bde964b11ace56a9a295d20,from=0x923d1a26b64ee3219f4b32dc4f2e6d550eec7248,to=0x1713cce89d309e06e5dddff3442ca0084fc5a0fd,payload={"blockNumber":74,"from":"0x923d1a26b64ee3219f4b32dc4f2e6d550eec7248","to":"0x1713cce89d309e06e5dddff3442ca0084fc5a0fd","txHash":"0xb8334bf2f929df3e7a281275beca49d3bf94b5d19bde964b11ace56a9a295d20","processId":"2f24xecnp5qvhs712k21wa","campaignAddress":"0x718cfe0025b94ff867391a1e918c45225dbc1d85"}
processId=2f24xecnp5qvhs712k21wa,event=VOTED,block_number=74,tx_hash=0xb8334bf2f929df3e7a281275beca49d3bf94b5d19bde964b11ace56a9a295d20,from=0x923d1a26b64ee3219f4b32dc4f2e6d550eec7248,to=0x1713cce89d309e06e5dddff3442ca0084fc5a0fd,payload={"blockNumber":74,"from":"0x923d1a26b64ee3219f4b32dc4f2e6d550eec7248","to":"0x1713cce89d309e06e5dddff3442ca0084fc5a0fd","txHash":"0xb8334bf2f929df3e7a281275beca49d3bf94b5d19bde964b11ace56a9a295d20","processId":"2f24xecnp5qvhs712k21wa","votedKey":"0x4ba1644754278feb2bf6bcf12580c0f463371acddebb76ae478b612f999f3105"}
processId=2f24xecnp5qvhs712k21wa,event=SUCCESS_POST,url=syncDBCampaignFromBlockchain
processId=2f24xecnp5qvhs712k21wa,event=SUCCESS_POST,url=syncDBVoteFromBlockchain
processId=iko4bt1viqi04xtt4w8q,event=NEW_CAMPAIGN,block_number=75,tx_hash=0xd8370de8fff705ae4669aa6fe1650a8db7ed8d1144a8c46de823319f16cbd20b,from=0x923d1a26b64ee3219f4b32dc4f2e6d550eec7248,to=0x1713cce89d309e06e5dddff3442ca0084fc5a0fd,payload={"blockNumber":75,"from":"0x923d1a26b64ee3219f4b32dc4f2e6d550eec7248","to":"0x1713cce89d309e06e5dddff3442ca0084fc5a0fd","txHash":"0xd8370de8fff705ae4669aa6fe1650a8db7ed8d1144a8c46de823319f16cbd20b","processId":"iko4bt1viqi04xtt4w8q","campaignAddress":"0x320b632dfef1c17eb9a5ae737d709c395181d2ad"}
processId=iko4bt1viqi04xtt4w8q,event=VOTED,block_number=75,tx_hash=0xd8370de8fff705ae4669aa6fe1650a8db7ed8d1144a8c46de823319f16cbd20b,from=0x923d1a26b64ee3219f4b32dc4f2e6d550eec7248,to=0x1713cce89d309e06e5dddff3442ca0084fc5a0fd,payload={"blockNumber":75,"from":"0x923d1a26b64ee3219f4b32dc4f2e6d550eec7248","to":"0x1713cce89d309e06e5dddff3442ca0084fc5a0fd","txHash":"0xd8370de8fff705ae4669aa6fe1650a8db7ed8d1144a8c46de823319f16cbd20b","processId":"iko4bt1viqi04xtt4w8q","votedKey":"0x21e6ca2102dfaf2dc4c771feaa94001105f2ed16cad7d8c6eb65036ea6cf023d"}
processId=iko4bt1viqi04xtt4w8q,event=SUCCESS_POST,url=syncDBCampaignFromBlockchain
processId=iko4bt1viqi04xtt4w8q,event=SUCCESS_POST,url=syncDBVoteFromBlockchain
processId=wros7e1i2whtpe33cnoo5,event=NEW_CAMPAIGN,block_number=76,tx_hash=0xa6a9e876122fd5a3f73cd2a0753be623dce17d1c012712da37bc1e209ebf6b15,from=0x436af9451bc4a8c169b11e1db45a45c6c3c411db,to=0x1713cce89d309e06e5dddff3442ca0084fc5a0fd,payload={"blockNumber":76,"from":"0x436af9451bc4a8c169b11e1db45a45c6c3c411db","to":"0x1713cce89d309e06e5dddff3442ca0084fc5a0fd","txHash":"0xa6a9e876122fd5a3f73cd2a0753be623dce17d1c012712da37bc1e209ebf6b15","processId":"wros7e1i2whtpe33cnoo5","campaignAddress":"0x010def5f14f5eaad289db8024c6375d2ee5bd517"}
processId=wros7e1i2whtpe33cnoo5,event=STATE_CHANGE,block_number=76,tx_hash=0xa6a9e876122fd5a3f73cd2a0753be623dce17d1c012712da37bc1e209ebf6b15,from=0x436af9451bc4a8c169b11e1db45a45c6c3c411db,to=0x1713cce89d309e06e5dddff3442ca0084fc5a0fd,payload={"blockNumber":76,"from":"0x436af9451bc4a8c169b11e1db45a45c6c3c411db","to":"0x1713cce89d309e06e5dddff3442ca0084fc5a0fd","txHash":"0xa6a9e876122fd5a3f73cd2a0753be623dce17d1c012712da37bc1e209ebf6b15","processId":"wros7e1i2whtpe33cnoo5","campaignAddress":"0x320b632dfef1c17eb9a5ae737d709c395181d2ad","state":"1"}
processId=wros7e1i2whtpe33cnoo5,event=VOTED,block_number=76,tx_hash=0xa6a9e876122fd5a3f73cd2a0753be623dce17d1c012712da37bc1e209ebf6b15,from=0x436af9451bc4a8c169b11e1db45a45c6c3c411db,to=0x1713cce89d309e06e5dddff3442ca0084fc5a0fd,payload={"blockNumber":76,"from":"0x436af9451bc4a8c169b11e1db45a45c6c3c411db","to":"0x1713cce89d309e06e5dddff3442ca0084fc5a0fd","txHash":"0xa6a9e876122fd5a3f73cd2a0753be623dce17d1c012712da37bc1e209ebf6b15","processId":"wros7e1i2whtpe33cnoo5","votedKey":"0x1a61ede098b7a2e8569fa2b556714f56281182a1f1a3059a39d8b55e1510f7b2"}
processId=wros7e1i2whtpe33cnoo5,event=UPDATED_PERIOD,block_number=76,tx_hash=0xa6a9e876122fd5a3f73cd2a0753be623dce17d1c012712da37bc1e209ebf6b15,from=0x436af9451bc4a8c169b11e1db45a45c6c3c411db,to=0x1713cce89d309e06e5dddff3442ca0084fc5a0fd,payload={"blockNumber":76,"from":"0x436af9451bc4a8c169b11e1db45a45c6c3c411db","to":"0x1713cce89d309e06e5dddff3442ca0084fc5a0fd","txHash":"0xa6a9e876122fd5a3f73cd2a0753be623dce17d1c012712da37bc1e209ebf6b15","processId":"wros7e1i2whtpe33cnoo5","newPeriod":"1"}
processId=wros7e1i2whtpe33cnoo5,event=SUCCESS_POST,url=syncDBCampaignFromBlockchain
processId=wros7e1i2whtpe33cnoo5,event=SUCCESS_POST,url=synDBCampaignStateChangeFromBlockchain
processId=wros7e1i2whtpe33cnoo5,event=SUCCESS_POST,url=syncDBVoteFromBlockchain
processId=wros7e1i2whtpe33cnoo5,event=SUCCESS_POST,url=syncUpdatePeriod
processId=075oam951n1gl342xt474ec,event=SLASHED,block_number=77,tx_hash=0x4e1262b5f9fc19c6581ed3790b9a58ac2160330eb6fa8613adc37b4662b6f90d,from=0x80186a14b130aa115e234291eed067a86f5b2b39,to=0x1713cce89d309e06e5dddff3442ca0084fc5a0fd,payload={"blockNumber":"77","from":"0x80186a14b130aa115e234291eed067a86f5b2b39","to":"0x1713cce89d309e06e5dddff3442ca0084fc5a0fd","txHash":"0x4e1262b5f9fc19c6581ed3790b9a58ac2160330eb6fa8613adc37b4662b6f90d","processId":"075oam951n1gl342xt474ec","member":"0x6d1cab076b804babcb39c4d19840fcdd4be7d6b5","amount":"0","actual":"0","expected":"2","diff":"2","period":"1"}
processId=yxo2gby8q3f63o4xx4yh3y,event=SLASHED,block_number=78,tx_hash=0xeaeb888c4e7750f99e7c2a4dca9dc488b16111ad4eab3dae23f3ce3a6e9e3b75,from=0x80186a14b130aa115e234291eed067a86f5b2b39,to=0x1713cce89d309e06e5dddff3442ca0084fc5a0fd,payload={"blockNumber":"78","from":"0x80186a14b130aa115e234291eed067a86f5b2b39","to":"0x1713cce89d309e06e5dddff3442ca0084fc5a0fd","txHash":"0xeaeb888c4e7750f99e7c2a4dca9dc488b16111ad4eab3dae23f3ce3a6e9e3b75","processId":"yxo2gby8q3f63o4xx4yh3y","member":"0x436af9451bc4a8c169b11e1db45a45c6c3c411db","amount":"0","actual":"0","expected":"2","diff":"2","period":"1"}
processId=075oam951n1gl342xt474ec,event=SUCCESS_POST,url=syncSlashedAmountFromBlockchain
processId=yxo2gby8q3f63o4xx4yh3y,event=SUCCESS_POST,url=syncSlashedAmountFromBlockchain
processId=fgextn8hzwdzlx41w3guys,event=PARTICIPATED,block_number=88,tx_hash=0xf84ebfbace6aa5a967e956b526b6bda75305888719fe37d18eb9a0fcb86721a3,from=0x436af9451bc4a8c169b11e1db45a45c6c3c411db,to=0x1713cce89d309e06e5dddff3442ca0084fc5a0fd,payload={"blockNumber":88,"from":"0x436af9451bc4a8c169b11e1db45a45c6c3c411db","to":"0x1713cce89d309e06e5dddff3442ca0084fc5a0fd","txHash":"0xf84ebfbace6aa5a967e956b526b6bda75305888719fe37d18eb9a0fcb86721a3","processId":"fgextn8hzwdzlx41w3guys","participant":"0x436af9451bc4a8c169b11e1db45a45c6c3c411db","campaign":"0x320b632dfef1c17eb9a5ae737d709c395181d2ad","earned":"450","participationKey":"0x112df4cd1ac921470bb834f2676b29a508d27c18212e9a1905961a42ab473a26","period":"1"}
processId=fgextn8hzwdzlx41w3guys,event=DISBURSEMENT,block_number=88,tx_hash=0xf84ebfbace6aa5a967e956b526b6bda75305888719fe37d18eb9a0fcb86721a3,from=0x436af9451bc4a8c169b11e1db45a45c6c3c411db,to=0x436af9451bc4a8c169b11e1db45a45c6c3c411db,payload={"blockNumber":"88","from":"0x436af9451bc4a8c169b11e1db45a45c6c3c411db","to":"0x436af9451bc4a8c169b11e1db45a45c6c3c411db","txHash":"0xf84ebfbace6aa5a967e956b526b6bda75305888719fe37d18eb9a0fcb86721a3","processId":"fgextn8hzwdzlx41w3guys","disbursementId":"0x901510dcc987f4339972c32a8a33c2a5656c592c7f90a53ac5a6c7fc8cb27829","allocationType":"0","campaign":"0x320b632dfef1c17eb9a5ae737d709c395181d2ad","amount":"450","period":"1"}
processId=fgextn8hzwdzlx41w3guys,event=SUCCESS_POST,url=syncDBParticipantFromBlockchain
processId=fgextn8hzwdzlx41w3guys,event=SUCCESS_POST,url=synDBDisbursementFromBlockchain
processId=5fzys19soeh2bqbqytcar9,event=NEW_CAMPAIGN,block_number=89,tx_hash=0xc97f306696a3a478590c977429ef62de28d417a586d74a091c52765fb580ae29,from=0x436af9451bc4a8c169b11e1db45a45c6c3c411db,to=0x23ba6a3c90c2137dfd95475deaa1dcf2b6e3c349,payload={"blockNumber":89,"from":"0x436af9451bc4a8c169b11e1db45a45c6c3c411db","to":"0x23ba6a3c90c2137dfd95475deaa1dcf2b6e3c349","txHash":"0xc97f306696a3a478590c977429ef62de28d417a586d74a091c52765fb580ae29","processId":"5fzys19soeh2bqbqytcar9","campaignAddress":"0xc5cd7427f0a358bdaa6daad54ceeb36f946ebaee"}
processId=5fzys19soeh2bqbqytcar9,event=VOTED,block_number=89,tx_hash=0xc97f306696a3a478590c977429ef62de28d417a586d74a091c52765fb580ae29,from=0x436af9451bc4a8c169b11e1db45a45c6c3c411db,to=0x23ba6a3c90c2137dfd95475deaa1dcf2b6e3c349,payload={"blockNumber":89,"from":"0x436af9451bc4a8c169b11e1db45a45c6c3c411db","to":"0x23ba6a3c90c2137dfd95475deaa1dcf2b6e3c349","txHash":"0xc97f306696a3a478590c977429ef62de28d417a586d74a091c52765fb580ae29","processId":"5fzys19soeh2bqbqytcar9","votedKey":"0x112df4cd1ac921470bb834f2676b29a508d27c18212e9a1905961a42ab473a26"}
processId=5fzys19soeh2bqbqytcar9,event=SUCCESS_POST,url=syncDBCampaignFromBlockchain
processId=5fzys19soeh2bqbqytcar9,event=SUCCESS_POST,url=syncDBVoteFromBlockchain
{ blockNumber: 90,
  from: '0x436af9451bc4a8c169b11e1db45a45c6c3c411db',
  to: '0x1713cce89d309e06e5dddff3442ca0084fc5a0fd',
  txHash:
   '0x8281dad4a3551a02d34d18ca50f3ae8572d87a1ab02c1949a923fabefc902e18',
  processId: 'luq70clrwt0bpfyv5oum4b',
  period: '2' }
SET_CAMPAIGN_WINNER
processId=luq70clrwt0bpfyv5oum4b,event=SET_CAMPAIGN_WINNER,block_number=90,tx_hash=0x8281dad4a3551a02d34d18ca50f3ae8572d87a1ab02c1949a923fabefc902e18,from=0x436af9451bc4a8c169b11e1db45a45c6c3c411db,to=0x1713cce89d309e06e5dddff3442ca0084fc5a0fd,payload={"blockNumber":90,"from":"0x436af9451bc4a8c169b11e1db45a45c6c3c411db","to":"0x1713cce89d309e06e5dddff3442ca0084fc5a0fd","txHash":"0x8281dad4a3551a02d34d18ca50f3ae8572d87a1ab02c1949a923fabefc902e18","processId":"luq70clrwt0bpfyv5oum4b","period":"2"}
processId=luq70clrwt0bpfyv5oum4b,event=SUCCESS_POST,url=syncSetCampaignManager
processId=nujumezy4ps6cxf0ketfq2,event=NEW_CAMPAIGN,block_number=92,tx_hash=0xe4bb5ff79bb8cbd8e792bfef5a1fac8d8c24c7582afbe7e4791174b85ee90c1a,from=0x436af9451bc4a8c169b11e1db45a45c6c3c411db,to=0x1713cce89d309e06e5dddff3442ca0084fc5a0fd,payload={"blockNumber":92,"from":"0x436af9451bc4a8c169b11e1db45a45c6c3c411db","to":"0x1713cce89d309e06e5dddff3442ca0084fc5a0fd","txHash":"0xe4bb5ff79bb8cbd8e792bfef5a1fac8d8c24c7582afbe7e4791174b85ee90c1a","processId":"nujumezy4ps6cxf0ketfq2","campaignAddress":"0x142dc1fabed6c59dd08e732f9304336eccfdef0c"}
processId=nujumezy4ps6cxf0ketfq2,event=STATE_CHANGE,block_number=92,tx_hash=0xe4bb5ff79bb8cbd8e792bfef5a1fac8d8c24c7582afbe7e4791174b85ee90c1a,from=0x436af9451bc4a8c169b11e1db45a45c6c3c411db,to=0x1713cce89d309e06e5dddff3442ca0084fc5a0fd,payload={"blockNumber":92,"from":"0x436af9451bc4a8c169b11e1db45a45c6c3c411db","to":"0x1713cce89d309e06e5dddff3442ca0084fc5a0fd","txHash":"0xe4bb5ff79bb8cbd8e792bfef5a1fac8d8c24c7582afbe7e4791174b85ee90c1a","processId":"nujumezy4ps6cxf0ketfq2","campaignAddress":"0x320b632dfef1c17eb9a5ae737d709c395181d2ad","state":"2"}
processId=nujumezy4ps6cxf0ketfq2,event=STATE_CHANGE,block_number=92,tx_hash=0xe4bb5ff79bb8cbd8e792bfef5a1fac8d8c24c7582afbe7e4791174b85ee90c1a,from=0x436af9451bc4a8c169b11e1db45a45c6c3c411db,to=0x1713cce89d309e06e5dddff3442ca0084fc5a0fd,payload={"blockNumber":92,"from":"0x436af9451bc4a8c169b11e1db45a45c6c3c411db","to":"0x1713cce89d309e06e5dddff3442ca0084fc5a0fd","txHash":"0xe4bb5ff79bb8cbd8e792bfef5a1fac8d8c24c7582afbe7e4791174b85ee90c1a","processId":"nujumezy4ps6cxf0ketfq2","campaignAddress":"0xc5cd7427f0a358bdaa6daad54ceeb36f946ebaee","state":"1"}
processId=nujumezy4ps6cxf0ketfq2,event=VOTED,block_number=92,tx_hash=0xe4bb5ff79bb8cbd8e792bfef5a1fac8d8c24c7582afbe7e4791174b85ee90c1a,from=0x436af9451bc4a8c169b11e1db45a45c6c3c411db,to=0x1713cce89d309e06e5dddff3442ca0084fc5a0fd,payload={"blockNumber":92,"from":"0x436af9451bc4a8c169b11e1db45a45c6c3c411db","to":"0x1713cce89d309e06e5dddff3442ca0084fc5a0fd","txHash":"0xe4bb5ff79bb8cbd8e792bfef5a1fac8d8c24c7582afbe7e4791174b85ee90c1a","processId":"nujumezy4ps6cxf0ketfq2","votedKey":"0x4af3547b996cd0540da375b6912549e4bc180aace2937dd7dcbdecf7345c5602"}
processId=nujumezy4ps6cxf0ketfq2,event=UPDATED_PERIOD,block_number=92,tx_hash=0xe4bb5ff79bb8cbd8e792bfef5a1fac8d8c24c7582afbe7e4791174b85ee90c1a,from=0x436af9451bc4a8c169b11e1db45a45c6c3c411db,to=0x1713cce89d309e06e5dddff3442ca0084fc5a0fd,payload={"blockNumber":92,"from":"0x436af9451bc4a8c169b11e1db45a45c6c3c411db","to":"0x1713cce89d309e06e5dddff3442ca0084fc5a0fd","txHash":"0xe4bb5ff79bb8cbd8e792bfef5a1fac8d8c24c7582afbe7e4791174b85ee90c1a","processId":"nujumezy4ps6cxf0ketfq2","newPeriod":"2"}
processId=nujumezy4ps6cxf0ketfq2,event=SUCCESS_POST,url=syncDBCampaignFromBlockchain
processId=nujumezy4ps6cxf0ketfq2,event=SUCCESS_POST,url=synDBCampaignStateChangeFromBlockchain
processId=nujumezy4ps6cxf0ketfq2,event=SUCCESS_POST,url=synDBCampaignStateChangeFromBlockchain
processId=nujumezy4ps6cxf0ketfq2,event=SUCCESS_POST,url=syncDBVoteFromBlockchain
processId=jqh9pvpchaasu1cs5j5bj,event=SLASHED,block_number=93,tx_hash=0x274c6528229157f3b8f072bfe0cc1033b448ff341b9c39f248e3060ec3bc6569,from=0x80186a14b130aa115e234291eed067a86f5b2b39,to=0x1713cce89d309e06e5dddff3442ca0084fc5a0fd,payload={"blockNumber":"93","from":"0x80186a14b130aa115e234291eed067a86f5b2b39","to":"0x1713cce89d309e06e5dddff3442ca0084fc5a0fd","txHash":"0x274c6528229157f3b8f072bfe0cc1033b448ff341b9c39f248e3060ec3bc6569","processId":"jqh9pvpchaasu1cs5j5bj","member":"0x6d1cab076b804babcb39c4d19840fcdd4be7d6b5","amount":"0","actual":"2","expected":"4","diff":"2","period":"2"}
processId=nujumezy4ps6cxf0ketfq2,event=SUCCESS_POST,url=syncUpdatePeriod
processId=jqh9pvpchaasu1cs5j5bj,event=SUCCESS_POST,url=syncSlashedAmountFromBlockchain
processId=qcmumbvq5rs9kee3zghwco,event=PARTICIPATED,block_number=99,tx_hash=0x7447d3792b4559f40189aaa1c3b2098740412a4332f15f8ab4700dbcec5ba6a4,from=0x436af9451bc4a8c169b11e1db45a45c6c3c411db,to=0x1713cce89d309e06e5dddff3442ca0084fc5a0fd,payload={"blockNumber":99,"from":"0x436af9451bc4a8c169b11e1db45a45c6c3c411db","to":"0x1713cce89d309e06e5dddff3442ca0084fc5a0fd","txHash":"0x7447d3792b4559f40189aaa1c3b2098740412a4332f15f8ab4700dbcec5ba6a4","processId":"qcmumbvq5rs9kee3zghwco","participant":"0x436af9451bc4a8c169b11e1db45a45c6c3c411db","campaign":"0xc5cd7427f0a358bdaa6daad54ceeb36f946ebaee","earned":"450","participationKey":"0x14841328e36bdc484cfc1f81724a7188d415199b64df0e26c9504e34521680e4","period":"2"}
processId=qcmumbvq5rs9kee3zghwco,event=DISBURSEMENT,block_number=99,tx_hash=0x7447d3792b4559f40189aaa1c3b2098740412a4332f15f8ab4700dbcec5ba6a4,from=0x436af9451bc4a8c169b11e1db45a45c6c3c411db,to=0x436af9451bc4a8c169b11e1db45a45c6c3c411db,payload={"blockNumber":"99","from":"0x436af9451bc4a8c169b11e1db45a45c6c3c411db","to":"0x436af9451bc4a8c169b11e1db45a45c6c3c411db","txHash":"0x7447d3792b4559f40189aaa1c3b2098740412a4332f15f8ab4700dbcec5ba6a4","processId":"qcmumbvq5rs9kee3zghwco","disbursementId":"0x619610b2651a17c3cee2b76d23c2c3e35f18d5a3974f587e441b700a1e52cffa","allocationType":"0","campaign":"0xc5cd7427f0a358bdaa6daad54ceeb36f946ebaee","amount":"450","period":"2"}
processId=m0ywz5vk8wsk7plx87fbs,event=VOTED,block_number=100,tx_hash=0x40ed218c100f51419a9bec7e35876addc7f999932a7770245ae41cc2f4ac7614,from=0x436af9451bc4a8c169b11e1db45a45c6c3c411db,to=0x03d2d564ad687cd67d5f0a401a974dd106ecc51d,payload={"blockNumber":100,"from":"0x436af9451bc4a8c169b11e1db45a45c6c3c411db","to":"0x03d2d564ad687cd67d5f0a401a974dd106ecc51d","txHash":"0x40ed218c100f51419a9bec7e35876addc7f999932a7770245ae41cc2f4ac7614","processId":"m0ywz5vk8wsk7plx87fbs","votedKey":"0x14841328e36bdc484cfc1f81724a7188d415199b64df0e26c9504e34521680e4"}
processId=qcmumbvq5rs9kee3zghwco,event=SUCCESS_POST,url=syncDBParticipantFromBlockchain
processId=m0ywz5vk8wsk7plx87fbs,event=SUCCESS_POST,url=syncDBVoteFromBlockchain
processId=qcmumbvq5rs9kee3zghwco,event=SUCCESS_POST,url=synDBDisbursementFromBlockchain
{ blockNumber: 101,
  from: '0x436af9451bc4a8c169b11e1db45a45c6c3c411db',
  to: '0x1713cce89d309e06e5dddff3442ca0084fc5a0fd',
  txHash:
   '0xa6a928eda77f2dc3b87e0041f66aaac986af639f8730a4accd56e461a90a8e3f',
  processId: 'g9o7zz5k2ouw32u510jlg',
  period: '3' }
SET_CAMPAIGN_WINNER
processId=g9o7zz5k2ouw32u510jlg,event=SET_CAMPAIGN_WINNER,block_number=101,tx_hash=0xa6a928eda77f2dc3b87e0041f66aaac986af639f8730a4accd56e461a90a8e3f,from=0x436af9451bc4a8c169b11e1db45a45c6c3c411db,to=0x1713cce89d309e06e5dddff3442ca0084fc5a0fd,payload={"blockNumber":101,"from":"0x436af9451bc4a8c169b11e1db45a45c6c3c411db","to":"0x1713cce89d309e06e5dddff3442ca0084fc5a0fd","txHash":"0xa6a928eda77f2dc3b87e0041f66aaac986af639f8730a4accd56e461a90a8e3f","processId":"g9o7zz5k2ouw32u510jlg","period":"3"}
processId=g9o7zz5k2ouw32u510jlg,event=SUCCESS_POST,url=syncSetCampaignManager
processId=hcovcomrl3jnkcw6kuhn,event=NEW_CAMPAIGN,block_number=103,tx_hash=0x1e59530eb2c4a2adc1e5edeacbe3734aabadc808c41543ed11e6ea31e33c1bc0,from=0x436af9451bc4a8c169b11e1db45a45c6c3c411db,to=0x1713cce89d309e06e5dddff3442ca0084fc5a0fd,payload={"blockNumber":103,"from":"0x436af9451bc4a8c169b11e1db45a45c6c3c411db","to":"0x1713cce89d309e06e5dddff3442ca0084fc5a0fd","txHash":"0x1e59530eb2c4a2adc1e5edeacbe3734aabadc808c41543ed11e6ea31e33c1bc0","processId":"hcovcomrl3jnkcw6kuhn","campaignAddress":"0xb63aaa89dced6bbeb951f28b3b5c818e0296ba0f"}
processId=hcovcomrl3jnkcw6kuhn,event=STATE_CHANGE,block_number=103,tx_hash=0x1e59530eb2c4a2adc1e5edeacbe3734aabadc808c41543ed11e6ea31e33c1bc0,from=0x436af9451bc4a8c169b11e1db45a45c6c3c411db,to=0x1713cce89d309e06e5dddff3442ca0084fc5a0fd,payload={"blockNumber":103,"from":"0x436af9451bc4a8c169b11e1db45a45c6c3c411db","to":"0x1713cce89d309e06e5dddff3442ca0084fc5a0fd","txHash":"0x1e59530eb2c4a2adc1e5edeacbe3734aabadc808c41543ed11e6ea31e33c1bc0","processId":"hcovcomrl3jnkcw6kuhn","campaignAddress":"0xc5cd7427f0a358bdaa6daad54ceeb36f946ebaee","state":"2"}
processId=hcovcomrl3jnkcw6kuhn,event=STATE_CHANGE,block_number=103,tx_hash=0x1e59530eb2c4a2adc1e5edeacbe3734aabadc808c41543ed11e6ea31e33c1bc0,from=0x436af9451bc4a8c169b11e1db45a45c6c3c411db,to=0x1713cce89d309e06e5dddff3442ca0084fc5a0fd,payload={"blockNumber":103,"from":"0x436af9451bc4a8c169b11e1db45a45c6c3c411db","to":"0x1713cce89d309e06e5dddff3442ca0084fc5a0fd","txHash":"0x1e59530eb2c4a2adc1e5edeacbe3734aabadc808c41543ed11e6ea31e33c1bc0","processId":"hcovcomrl3jnkcw6kuhn","campaignAddress":"0x142dc1fabed6c59dd08e732f9304336eccfdef0c","state":"1"}
processId=hcovcomrl3jnkcw6kuhn,event=VOTED,block_number=103,tx_hash=0x1e59530eb2c4a2adc1e5edeacbe3734aabadc808c41543ed11e6ea31e33c1bc0,from=0x436af9451bc4a8c169b11e1db45a45c6c3c411db,to=0x1713cce89d309e06e5dddff3442ca0084fc5a0fd,payload={"blockNumber":103,"from":"0x436af9451bc4a8c169b11e1db45a45c6c3c411db","to":"0x1713cce89d309e06e5dddff3442ca0084fc5a0fd","txHash":"0x1e59530eb2c4a2adc1e5edeacbe3734aabadc808c41543ed11e6ea31e33c1bc0","processId":"hcovcomrl3jnkcw6kuhn","votedKey":"0x2c560ecb8a4fc9e6379cda786342267783f29a76ac0109cd49176271e9767054"}
processId=hcovcomrl3jnkcw6kuhn,event=UPDATED_PERIOD,block_number=103,tx_hash=0x1e59530eb2c4a2adc1e5edeacbe3734aabadc808c41543ed11e6ea31e33c1bc0,from=0x436af9451bc4a8c169b11e1db45a45c6c3c411db,to=0x1713cce89d309e06e5dddff3442ca0084fc5a0fd,payload={"blockNumber":103,"from":"0x436af9451bc4a8c169b11e1db45a45c6c3c411db","to":"0x1713cce89d309e06e5dddff3442ca0084fc5a0fd","txHash":"0x1e59530eb2c4a2adc1e5edeacbe3734aabadc808c41543ed11e6ea31e33c1bc0","processId":"hcovcomrl3jnkcw6kuhn","newPeriod":"3"}
processId=hcovcomrl3jnkcw6kuhn,event=SUCCESS_POST,url=syncDBCampaignFromBlockchain
processId=hcovcomrl3jnkcw6kuhn,event=SUCCESS_POST,url=synDBCampaignStateChangeFromBlockchain
processId=hcovcomrl3jnkcw6kuhn,event=SUCCESS_POST,url=synDBCampaignStateChangeFromBlockchain
processId=hcovcomrl3jnkcw6kuhn,event=SUCCESS_POST,url=syncDBVoteFromBlockchain
processId=hcovcomrl3jnkcw6kuhn,event=SUCCESS_POST,url=syncUpdatePeriod
processId=b0ihtlzjlkc09cfzr52egyh,event=SLASHED,block_number=104,tx_hash=0xca11c43d33972839fa2c6d512ccc8c6ce788fd37594f8b63f9290d0d092e3624,from=0x80186a14b130aa115e234291eed067a86f5b2b39,to=0x1713cce89d309e06e5dddff3442ca0084fc5a0fd,payload={"blockNumber":"104","from":"0x80186a14b130aa115e234291eed067a86f5b2b39","to":"0x1713cce89d309e06e5dddff3442ca0084fc5a0fd","txHash":"0xca11c43d33972839fa2c6d512ccc8c6ce788fd37594f8b63f9290d0d092e3624","processId":"b0ihtlzjlkc09cfzr52egyh","member":"0x6d1cab076b804babcb39c4d19840fcdd4be7d6b5","amount":"0","actual":"4","expected":"6","diff":"2","period":"3"}
{ blockNumber: 109,
  from: '0x436af9451bc4a8c169b11e1db45a45c6c3c411db',
  to: '0x1713cce89d309e06e5dddff3442ca0084fc5a0fd',
  txHash:
   '0x764e42394c9c7f6b728a4acc8d9bf30ebefb38c079db28d7876ff40c6aa609a7',
  processId: 'wxs2755y2scuvx1e4lcvrm',
  period: '4' }
SET_CAMPAIGN_WINNER
processId=wxs2755y2scuvx1e4lcvrm,event=SET_CAMPAIGN_WINNER,block_number=109,tx_hash=0x764e42394c9c7f6b728a4acc8d9bf30ebefb38c079db28d7876ff40c6aa609a7,from=0x436af9451bc4a8c169b11e1db45a45c6c3c411db,to=0x1713cce89d309e06e5dddff3442ca0084fc5a0fd,payload={"blockNumber":109,"from":"0x436af9451bc4a8c169b11e1db45a45c6c3c411db","to":"0x1713cce89d309e06e5dddff3442ca0084fc5a0fd","txHash":"0x764e42394c9c7f6b728a4acc8d9bf30ebefb38c079db28d7876ff40c6aa609a7","processId":"wxs2755y2scuvx1e4lcvrm","period":"4"}
processId=b0ihtlzjlkc09cfzr52egyh,event=SUCCESS_POST,url=syncSlashedAmountFromBlockchain
processId=wxs2755y2scuvx1e4lcvrm,event=SUCCESS_POST,url=syncSetCampaignManager
processId=d76fdy1722rlerkbid6ab8,event=NEW_CAMPAIGN,block_number=112,tx_hash=0xc13fc1578bce1759555de4206e4a902b5ec141ce0b8f6053e294d5455237425a,from=0x436af9451bc4a8c169b11e1db45a45c6c3c411db,to=0x1713cce89d309e06e5dddff3442ca0084fc5a0fd,payload={"blockNumber":112,"from":"0x436af9451bc4a8c169b11e1db45a45c6c3c411db","to":"0x1713cce89d309e06e5dddff3442ca0084fc5a0fd","txHash":"0xc13fc1578bce1759555de4206e4a902b5ec141ce0b8f6053e294d5455237425a","processId":"d76fdy1722rlerkbid6ab8","campaignAddress":"0xcc196cf5062e50f001b916d1ef335ebe8d322e72"}
processId=d76fdy1722rlerkbid6ab8,event=STATE_CHANGE,block_number=112,tx_hash=0xc13fc1578bce1759555de4206e4a902b5ec141ce0b8f6053e294d5455237425a,from=0x436af9451bc4a8c169b11e1db45a45c6c3c411db,to=0x1713cce89d309e06e5dddff3442ca0084fc5a0fd,payload={"blockNumber":112,"from":"0x436af9451bc4a8c169b11e1db45a45c6c3c411db","to":"0x1713cce89d309e06e5dddff3442ca0084fc5a0fd","txHash":"0xc13fc1578bce1759555de4206e4a902b5ec141ce0b8f6053e294d5455237425a","processId":"d76fdy1722rlerkbid6ab8","campaignAddress":"0x142dc1fabed6c59dd08e732f9304336eccfdef0c","state":"2"}
processId=d76fdy1722rlerkbid6ab8,event=STATE_CHANGE,block_number=112,tx_hash=0xc13fc1578bce1759555de4206e4a902b5ec141ce0b8f6053e294d5455237425a,from=0x436af9451bc4a8c169b11e1db45a45c6c3c411db,to=0x1713cce89d309e06e5dddff3442ca0084fc5a0fd,payload={"blockNumber":112,"from":"0x436af9451bc4a8c169b11e1db45a45c6c3c411db","to":"0x1713cce89d309e06e5dddff3442ca0084fc5a0fd","txHash":"0xc13fc1578bce1759555de4206e4a902b5ec141ce0b8f6053e294d5455237425a","processId":"d76fdy1722rlerkbid6ab8","campaignAddress":"0xb63aaa89dced6bbeb951f28b3b5c818e0296ba0f","state":"1"}
processId=d76fdy1722rlerkbid6ab8,event=VOTED,block_number=112,tx_hash=0xc13fc1578bce1759555de4206e4a902b5ec141ce0b8f6053e294d5455237425a,from=0x436af9451bc4a8c169b11e1db45a45c6c3c411db,to=0x1713cce89d309e06e5dddff3442ca0084fc5a0fd,payload={"blockNumber":112,"from":"0x436af9451bc4a8c169b11e1db45a45c6c3c411db","to":"0x1713cce89d309e06e5dddff3442ca0084fc5a0fd","txHash":"0xc13fc1578bce1759555de4206e4a902b5ec141ce0b8f6053e294d5455237425a","processId":"d76fdy1722rlerkbid6ab8","votedKey":"0x7e1c4dcbc8d76ac4d41e49a9c0993d4652820825b9e59f734be739a8aa5a5c10"}
processId=d76fdy1722rlerkbid6ab8,event=UPDATED_PERIOD,block_number=112,tx_hash=0xc13fc1578bce1759555de4206e4a902b5ec141ce0b8f6053e294d5455237425a,from=0x436af9451bc4a8c169b11e1db45a45c6c3c411db,to=0x1713cce89d309e06e5dddff3442ca0084fc5a0fd,payload={"blockNumber":112,"from":"0x436af9451bc4a8c169b11e1db45a45c6c3c411db","to":"0x1713cce89d309e06e5dddff3442ca0084fc5a0fd","txHash":"0xc13fc1578bce1759555de4206e4a902b5ec141ce0b8f6053e294d5455237425a","processId":"d76fdy1722rlerkbid6ab8","newPeriod":"4"}
processId=d76fdy1722rlerkbid6ab8,event=SUCCESS_POST,url=syncDBCampaignFromBlockchain
processId=d76fdy1722rlerkbid6ab8,event=SUCCESS_POST,url=synDBCampaignStateChangeFromBlockchain
processId=d76fdy1722rlerkbid6ab8,event=SUCCESS_POST,url=synDBCampaignStateChangeFromBlockchain
processId=d76fdy1722rlerkbid6ab8,event=SUCCESS_POST,url=syncDBVoteFromBlockchain
processId=leeg1doc223a1ccu4d3s,event=SLASHED,block_number=113,tx_hash=0x81df256a85e1be4e970cc6a26fdd265fc380d8c9ba206a7dfdad51a0502c245c,from=0x6d1cab076b804babcb39c4d19840fcdd4be7d6b5,to=0x1713cce89d309e06e5dddff3442ca0084fc5a0fd,payload={"blockNumber":"113","from":"0x6d1cab076b804babcb39c4d19840fcdd4be7d6b5","to":"0x1713cce89d309e06e5dddff3442ca0084fc5a0fd","txHash":"0x81df256a85e1be4e970cc6a26fdd265fc380d8c9ba206a7dfdad51a0502c245c","processId":"leeg1doc223a1ccu4d3s","member":"0x436af9451bc4a8c169b11e1db45a45c6c3c411db","amount":"18","actual":"6","expected":"8","diff":"2","period":"4"}
processId=d76fdy1722rlerkbid6ab8,event=SUCCESS_POST,url=syncUpdatePeriod
processId=hg25hu9enr4c1pnarapye,event=SLASHED,block_number=114,tx_hash=0x6ddbd0f159813a53574988de05a6864ae4ee46707e66e3434eaa969aac8c6b4d,from=0x80186a14b130aa115e234291eed067a86f5b2b39,to=0x1713cce89d309e06e5dddff3442ca0084fc5a0fd,payload={"blockNumber":"114","from":"0x80186a14b130aa115e234291eed067a86f5b2b39","to":"0x1713cce89d309e06e5dddff3442ca0084fc5a0fd","txHash":"0x6ddbd0f159813a53574988de05a6864ae4ee46707e66e3434eaa969aac8c6b4d","processId":"hg25hu9enr4c1pnarapye","member":"0x6d1cab076b804babcb39c4d19840fcdd4be7d6b5","amount":"0","actual":"6","expected":"8","diff":"2","period":"4"}
processId=leeg1doc223a1ccu4d3s,event=SUCCESS_POST,url=syncSlashedAmountFromBlockchain
processId=hg25hu9enr4c1pnarapye,event=SUCCESS_POST,url=syncSlashedAmountFromBlockchain
{ blockNumber: 125,
  from: '0x436af9451bc4a8c169b11e1db45a45c6c3c411db',
  to: '0x1713cce89d309e06e5dddff3442ca0084fc5a0fd',
  txHash:
   '0xd436f01e676b950ac2cd02106b42761fbae61f7a9c17e7729b7a8aa38b08d088',
  processId: 'i5dpzxu8m8hde7o7y6nut',
  period: '5' }
SET_CAMPAIGN_WINNER
processId=i5dpzxu8m8hde7o7y6nut,event=SET_CAMPAIGN_WINNER,block_number=125,tx_hash=0xd436f01e676b950ac2cd02106b42761fbae61f7a9c17e7729b7a8aa38b08d088,from=0x436af9451bc4a8c169b11e1db45a45c6c3c411db,to=0x1713cce89d309e06e5dddff3442ca0084fc5a0fd,payload={"blockNumber":125,"from":"0x436af9451bc4a8c169b11e1db45a45c6c3c411db","to":"0x1713cce89d309e06e5dddff3442ca0084fc5a0fd","txHash":"0xd436f01e676b950ac2cd02106b42761fbae61f7a9c17e7729b7a8aa38b08d088","processId":"i5dpzxu8m8hde7o7y6nut","period":"5"}
processId=i5dpzxu8m8hde7o7y6nut,event=SUCCESS_POST,url=syncSetCampaignManager
processId=1jryzevlfnt0s0zdkmwrijr,event=PARTICIPATED,block_number=127,tx_hash=0xd12b0abc95ebebd7e7db0d96063271e2ace9113aa07fc47f87f23379642cfac4,from=0x436af9451bc4a8c169b11e1db45a45c6c3c411db,to=0x1713cce89d309e06e5dddff3442ca0084fc5a0fd,payload={"blockNumber":127,"from":"0x436af9451bc4a8c169b11e1db45a45c6c3c411db","to":"0x1713cce89d309e06e5dddff3442ca0084fc5a0fd","txHash":"0xd12b0abc95ebebd7e7db0d96063271e2ace9113aa07fc47f87f23379642cfac4","processId":"1jryzevlfnt0s0zdkmwrijr","participant":"0x436af9451bc4a8c169b11e1db45a45c6c3c411db","campaign":"0xb63aaa89dced6bbeb951f28b3b5c818e0296ba0f","earned":"450","participationKey":"0x19b434b26e2f5c7d52db9a6a584fc639bf789396747acaf13cd6d0535471fe92","period":"4"}
processId=1jryzevlfnt0s0zdkmwrijr,event=DISBURSEMENT,block_number=127,tx_hash=0xd12b0abc95ebebd7e7db0d96063271e2ace9113aa07fc47f87f23379642cfac4,from=0x436af9451bc4a8c169b11e1db45a45c6c3c411db,to=0x436af9451bc4a8c169b11e1db45a45c6c3c411db,payload={"blockNumber":"127","from":"0x436af9451bc4a8c169b11e1db45a45c6c3c411db","to":"0x436af9451bc4a8c169b11e1db45a45c6c3c411db","txHash":"0xd12b0abc95ebebd7e7db0d96063271e2ace9113aa07fc47f87f23379642cfac4","processId":"1jryzevlfnt0s0zdkmwrijr","disbursementId":"0xc0f6fc640ef784471ee303f70e4b9fef001e5824d200e20244849d76a414daf3","allocationType":"0","campaign":"0xb63aaa89dced6bbeb951f28b3b5c818e0296ba0f","amount":"450","period":"4"}
processId=1jryzevlfnt0s0zdkmwrijr,event=SUCCESS_POST,url=syncDBParticipantFromBlockchain
processId=1jryzevlfnt0s0zdkmwrijr,event=SUCCESS_POST,url=synDBDisbursementFromBlockchain
processId=jd1c63353igiljohw064zd,event=NEW_CAMPAIGN,block_number=128,tx_hash=0xcfc20c78c81ae2c587c697b910231486b1d925eb81e13c5e396652972cfda313,from=0x436af9451bc4a8c169b11e1db45a45c6c3c411db,to=0x23ba6a3c90c2137dfd95475deaa1dcf2b6e3c349,payload={"blockNumber":128,"from":"0x436af9451bc4a8c169b11e1db45a45c6c3c411db","to":"0x23ba6a3c90c2137dfd95475deaa1dcf2b6e3c349","txHash":"0xcfc20c78c81ae2c587c697b910231486b1d925eb81e13c5e396652972cfda313","processId":"jd1c63353igiljohw064zd","campaignAddress":"0x27017b0bce9bff18e46d840c84196052099dcbc6"}
processId=jd1c63353igiljohw064zd,event=VOTED,block_number=128,tx_hash=0xcfc20c78c81ae2c587c697b910231486b1d925eb81e13c5e396652972cfda313,from=0x436af9451bc4a8c169b11e1db45a45c6c3c411db,to=0x23ba6a3c90c2137dfd95475deaa1dcf2b6e3c349,payload={"blockNumber":128,"from":"0x436af9451bc4a8c169b11e1db45a45c6c3c411db","to":"0x23ba6a3c90c2137dfd95475deaa1dcf2b6e3c349","txHash":"0xcfc20c78c81ae2c587c697b910231486b1d925eb81e13c5e396652972cfda313","processId":"jd1c63353igiljohw064zd","votedKey":"0x19b434b26e2f5c7d52db9a6a584fc639bf789396747acaf13cd6d0535471fe92"}
processId=jd1c63353igiljohw064zd,event=SUCCESS_POST,url=syncDBCampaignFromBlockchain
processId=jd1c63353igiljohw064zd,event=SUCCESS_POST,url=syncDBVoteFromBlockchain
processId=qbfpqopxs8qx9ja8dik02g,event=NEW_CAMPAIGN,block_number=129,tx_hash=0xccf94c3366129a4ce6fcccb91740e3acf00123136fe23bfa1420f15d1d895207,from=0x436af9451bc4a8c169b11e1db45a45c6c3c411db,to=0x1713cce89d309e06e5dddff3442ca0084fc5a0fd,payload={"blockNumber":129,"from":"0x436af9451bc4a8c169b11e1db45a45c6c3c411db","to":"0x1713cce89d309e06e5dddff3442ca0084fc5a0fd","txHash":"0xccf94c3366129a4ce6fcccb91740e3acf00123136fe23bfa1420f15d1d895207","processId":"qbfpqopxs8qx9ja8dik02g","campaignAddress":"0xa24e61f5cddf27196438d2dc27456157daf10564"}
processId=qbfpqopxs8qx9ja8dik02g,event=STATE_CHANGE,block_number=129,tx_hash=0xccf94c3366129a4ce6fcccb91740e3acf00123136fe23bfa1420f15d1d895207,from=0x436af9451bc4a8c169b11e1db45a45c6c3c411db,to=0x1713cce89d309e06e5dddff3442ca0084fc5a0fd,payload={"blockNumber":129,"from":"0x436af9451bc4a8c169b11e1db45a45c6c3c411db","to":"0x1713cce89d309e06e5dddff3442ca0084fc5a0fd","txHash":"0xccf94c3366129a4ce6fcccb91740e3acf00123136fe23bfa1420f15d1d895207","processId":"qbfpqopxs8qx9ja8dik02g","campaignAddress":"0xb63aaa89dced6bbeb951f28b3b5c818e0296ba0f","state":"2"}
processId=qbfpqopxs8qx9ja8dik02g,event=STATE_CHANGE,block_number=129,tx_hash=0xccf94c3366129a4ce6fcccb91740e3acf00123136fe23bfa1420f15d1d895207,from=0x436af9451bc4a8c169b11e1db45a45c6c3c411db,to=0x1713cce89d309e06e5dddff3442ca0084fc5a0fd,payload={"blockNumber":129,"from":"0x436af9451bc4a8c169b11e1db45a45c6c3c411db","to":"0x1713cce89d309e06e5dddff3442ca0084fc5a0fd","txHash":"0xccf94c3366129a4ce6fcccb91740e3acf00123136fe23bfa1420f15d1d895207","processId":"qbfpqopxs8qx9ja8dik02g","campaignAddress":"0xcc196cf5062e50f001b916d1ef335ebe8d322e72","state":"1"}
processId=qbfpqopxs8qx9ja8dik02g,event=VOTED,block_number=129,tx_hash=0xccf94c3366129a4ce6fcccb91740e3acf00123136fe23bfa1420f15d1d895207,from=0x436af9451bc4a8c169b11e1db45a45c6c3c411db,to=0x1713cce89d309e06e5dddff3442ca0084fc5a0fd,payload={"blockNumber":129,"from":"0x436af9451bc4a8c169b11e1db45a45c6c3c411db","to":"0x1713cce89d309e06e5dddff3442ca0084fc5a0fd","txHash":"0xccf94c3366129a4ce6fcccb91740e3acf00123136fe23bfa1420f15d1d895207","processId":"qbfpqopxs8qx9ja8dik02g","votedKey":"0xe35d4bb0465211e390ef3b782f73768b87644b54d0c178526c79c5565aa4fbf5"}
processId=qbfpqopxs8qx9ja8dik02g,event=UPDATED_PERIOD,block_number=129,tx_hash=0xccf94c3366129a4ce6fcccb91740e3acf00123136fe23bfa1420f15d1d895207,from=0x436af9451bc4a8c169b11e1db45a45c6c3c411db,to=0x1713cce89d309e06e5dddff3442ca0084fc5a0fd,payload={"blockNumber":129,"from":"0x436af9451bc4a8c169b11e1db45a45c6c3c411db","to":"0x1713cce89d309e06e5dddff3442ca0084fc5a0fd","txHash":"0xccf94c3366129a4ce6fcccb91740e3acf00123136fe23bfa1420f15d1d895207","processId":"qbfpqopxs8qx9ja8dik02g","newPeriod":"5"}
processId=qbfpqopxs8qx9ja8dik02g,event=SUCCESS_POST,url=syncDBCampaignFromBlockchain
processId=qbfpqopxs8qx9ja8dik02g,event=SUCCESS_POST,url=synDBCampaignStateChangeFromBlockchain
processId=qbfpqopxs8qx9ja8dik02g,event=SUCCESS_POST,url=synDBCampaignStateChangeFromBlockchain
processId=qbfpqopxs8qx9ja8dik02g,event=SUCCESS_POST,url=syncDBVoteFromBlockchain
processId=8cdtvvd3933ihdi977b9bn,event=SLASHED,block_number=130,tx_hash=0x6d40aeb179f55398c642e60529a930485acfb5f6f66ef8bccadc57dec9884819,from=0x80186a14b130aa115e234291eed067a86f5b2b39,to=0x1713cce89d309e06e5dddff3442ca0084fc5a0fd,payload={"blockNumber":"130","from":"0x80186a14b130aa115e234291eed067a86f5b2b39","to":"0x1713cce89d309e06e5dddff3442ca0084fc5a0fd","txHash":"0x6d40aeb179f55398c642e60529a930485acfb5f6f66ef8bccadc57dec9884819","processId":"8cdtvvd3933ihdi977b9bn","member":"0x6d1cab076b804babcb39c4d19840fcdd4be7d6b5","amount":"0","actual":"8","expected":"10","diff":"2","period":"5"}
processId=qbfpqopxs8qx9ja8dik02g,event=SUCCESS_POST,url=syncUpdatePeriod
processId=8cdtvvd3933ihdi977b9bn,event=SUCCESS_POST,url=syncSlashedAmountFromBlockchain
processId=86kgdrshsptsph85tg3be,event=PARTICIPATED,block_number=136,tx_hash=0x5d4b118d44e5a1c5b6ea83ccb2a38cece3757fa62b156dc5b9f09a77ba7d6b9a,from=0x436af9451bc4a8c169b11e1db45a45c6c3c411db,to=0x1713cce89d309e06e5dddff3442ca0084fc5a0fd,payload={"blockNumber":136,"from":"0x436af9451bc4a8c169b11e1db45a45c6c3c411db","to":"0x1713cce89d309e06e5dddff3442ca0084fc5a0fd","txHash":"0x5d4b118d44e5a1c5b6ea83ccb2a38cece3757fa62b156dc5b9f09a77ba7d6b9a","processId":"86kgdrshsptsph85tg3be","participant":"0x436af9451bc4a8c169b11e1db45a45c6c3c411db","campaign":"0xcc196cf5062e50f001b916d1ef335ebe8d322e72","earned":"450","participationKey":"0xb462360b4686b646bf3af4f7f94ab97d2fe519121e51d2d4e4e82c02291318b4","period":"5"}
processId=86kgdrshsptsph85tg3be,event=DISBURSEMENT,block_number=136,tx_hash=0x5d4b118d44e5a1c5b6ea83ccb2a38cece3757fa62b156dc5b9f09a77ba7d6b9a,from=0x436af9451bc4a8c169b11e1db45a45c6c3c411db,to=0x436af9451bc4a8c169b11e1db45a45c6c3c411db,payload={"blockNumber":"136","from":"0x436af9451bc4a8c169b11e1db45a45c6c3c411db","to":"0x436af9451bc4a8c169b11e1db45a45c6c3c411db","txHash":"0x5d4b118d44e5a1c5b6ea83ccb2a38cece3757fa62b156dc5b9f09a77ba7d6b9a","processId":"86kgdrshsptsph85tg3be","disbursementId":"0x11941ca1c66d302cef38a004823a1d571ccefa2b918a1b2a92ed90457ff9ee03","allocationType":"0","campaign":"0xcc196cf5062e50f001b916d1ef335ebe8d322e72","amount":"450","period":"5"}
processId=86kgdrshsptsph85tg3be,event=SUCCESS_POST,url=syncDBParticipantFromBlockchain
processId=86kgdrshsptsph85tg3be,event=SUCCESS_POST,url=synDBDisbursementFromBlockchain
processId=ncbi4ia16lnkzldxeyfy,event=NEW_CAMPAIGN,block_number=137,tx_hash=0x4c4c5da4f08d0a0916b4abaa2bde0cdb40b640d9a1506320d94ea3cc19d2f5b5,from=0x436af9451bc4a8c169b11e1db45a45c6c3c411db,to=0x23ba6a3c90c2137dfd95475deaa1dcf2b6e3c349,payload={"blockNumber":137,"from":"0x436af9451bc4a8c169b11e1db45a45c6c3c411db","to":"0x23ba6a3c90c2137dfd95475deaa1dcf2b6e3c349","txHash":"0x4c4c5da4f08d0a0916b4abaa2bde0cdb40b640d9a1506320d94ea3cc19d2f5b5","processId":"ncbi4ia16lnkzldxeyfy","campaignAddress":"0x32227d68482dddf8b2ba6fbd4565a571efaaaea4"}
processId=ncbi4ia16lnkzldxeyfy,event=VOTED,block_number=137,tx_hash=0x4c4c5da4f08d0a0916b4abaa2bde0cdb40b640d9a1506320d94ea3cc19d2f5b5,from=0x436af9451bc4a8c169b11e1db45a45c6c3c411db,to=0x23ba6a3c90c2137dfd95475deaa1dcf2b6e3c349,payload={"blockNumber":137,"from":"0x436af9451bc4a8c169b11e1db45a45c6c3c411db","to":"0x23ba6a3c90c2137dfd95475deaa1dcf2b6e3c349","txHash":"0x4c4c5da4f08d0a0916b4abaa2bde0cdb40b640d9a1506320d94ea3cc19d2f5b5","processId":"ncbi4ia16lnkzldxeyfy","votedKey":"0xb462360b4686b646bf3af4f7f94ab97d2fe519121e51d2d4e4e82c02291318b4"}
processId=ncbi4ia16lnkzldxeyfy,event=SUCCESS_POST,url=syncDBCampaignFromBlockchain
processId=ncbi4ia16lnkzldxeyfy,event=SUCCESS_POST,url=syncDBVoteFromBlockchain
{ blockNumber: 138,
  from: '0x436af9451bc4a8c169b11e1db45a45c6c3c411db',
  to: '0x1713cce89d309e06e5dddff3442ca0084fc5a0fd',
  txHash:
   '0x8fd146858c552734772e6a5560613266e882491bd25804112246b56fe240ba7a',
  processId: 'p9q5jmsgnem62hrnkpctrn',
  period: '6' }
SET_CAMPAIGN_WINNER
processId=p9q5jmsgnem62hrnkpctrn,event=SET_CAMPAIGN_WINNER,block_number=138,tx_hash=0x8fd146858c552734772e6a5560613266e882491bd25804112246b56fe240ba7a,from=0x436af9451bc4a8c169b11e1db45a45c6c3c411db,to=0x1713cce89d309e06e5dddff3442ca0084fc5a0fd,payload={"blockNumber":138,"from":"0x436af9451bc4a8c169b11e1db45a45c6c3c411db","to":"0x1713cce89d309e06e5dddff3442ca0084fc5a0fd","txHash":"0x8fd146858c552734772e6a5560613266e882491bd25804112246b56fe240ba7a","processId":"p9q5jmsgnem62hrnkpctrn","period":"6"}
processId=p9q5jmsgnem62hrnkpctrn,event=SUCCESS_POST,url=syncSetCampaignManager
processId=ffyjc7ks4i4438yjcpkgpa,event=NEW_CAMPAIGN,block_number=140,tx_hash=0x9b0b438fff0ff85464b4b8e9c3ce64b3f7c57e5da3a6a810fff9b9274824f3f1,from=0x436af9451bc4a8c169b11e1db45a45c6c3c411db,to=0x1713cce89d309e06e5dddff3442ca0084fc5a0fd,payload={"blockNumber":140,"from":"0x436af9451bc4a8c169b11e1db45a45c6c3c411db","to":"0x1713cce89d309e06e5dddff3442ca0084fc5a0fd","txHash":"0x9b0b438fff0ff85464b4b8e9c3ce64b3f7c57e5da3a6a810fff9b9274824f3f1","processId":"ffyjc7ks4i4438yjcpkgpa","campaignAddress":"0xb09337d11b7eeea799eb21adb486ef3996b0fcc1"}
processId=ffyjc7ks4i4438yjcpkgpa,event=STATE_CHANGE,block_number=140,tx_hash=0x9b0b438fff0ff85464b4b8e9c3ce64b3f7c57e5da3a6a810fff9b9274824f3f1,from=0x436af9451bc4a8c169b11e1db45a45c6c3c411db,to=0x1713cce89d309e06e5dddff3442ca0084fc5a0fd,payload={"blockNumber":140,"from":"0x436af9451bc4a8c169b11e1db45a45c6c3c411db","to":"0x1713cce89d309e06e5dddff3442ca0084fc5a0fd","txHash":"0x9b0b438fff0ff85464b4b8e9c3ce64b3f7c57e5da3a6a810fff9b9274824f3f1","processId":"ffyjc7ks4i4438yjcpkgpa","campaignAddress":"0xcc196cf5062e50f001b916d1ef335ebe8d322e72","state":"2"}
processId=ffyjc7ks4i4438yjcpkgpa,event=STATE_CHANGE,block_number=140,tx_hash=0x9b0b438fff0ff85464b4b8e9c3ce64b3f7c57e5da3a6a810fff9b9274824f3f1,from=0x436af9451bc4a8c169b11e1db45a45c6c3c411db,to=0x1713cce89d309e06e5dddff3442ca0084fc5a0fd,payload={"blockNumber":140,"from":"0x436af9451bc4a8c169b11e1db45a45c6c3c411db","to":"0x1713cce89d309e06e5dddff3442ca0084fc5a0fd","txHash":"0x9b0b438fff0ff85464b4b8e9c3ce64b3f7c57e5da3a6a810fff9b9274824f3f1","processId":"ffyjc7ks4i4438yjcpkgpa","campaignAddress":"0x32227d68482dddf8b2ba6fbd4565a571efaaaea4","state":"1"}
processId=ffyjc7ks4i4438yjcpkgpa,event=VOTED,block_number=140,tx_hash=0x9b0b438fff0ff85464b4b8e9c3ce64b3f7c57e5da3a6a810fff9b9274824f3f1,from=0x436af9451bc4a8c169b11e1db45a45c6c3c411db,to=0x1713cce89d309e06e5dddff3442ca0084fc5a0fd,payload={"blockNumber":140,"from":"0x436af9451bc4a8c169b11e1db45a45c6c3c411db","to":"0x1713cce89d309e06e5dddff3442ca0084fc5a0fd","txHash":"0x9b0b438fff0ff85464b4b8e9c3ce64b3f7c57e5da3a6a810fff9b9274824f3f1","processId":"ffyjc7ks4i4438yjcpkgpa","votedKey":"0xdfa0cdeb7d91e662d4253a3b97a6175629ea5e0e7add42135f9178ba24fd8610"}
processId=ffyjc7ks4i4438yjcpkgpa,event=UPDATED_PERIOD,block_number=140,tx_hash=0x9b0b438fff0ff85464b4b8e9c3ce64b3f7c57e5da3a6a810fff9b9274824f3f1,from=0x436af9451bc4a8c169b11e1db45a45c6c3c411db,to=0x1713cce89d309e06e5dddff3442ca0084fc5a0fd,payload={"blockNumber":140,"from":"0x436af9451bc4a8c169b11e1db45a45c6c3c411db","to":"0x1713cce89d309e06e5dddff3442ca0084fc5a0fd","txHash":"0x9b0b438fff0ff85464b4b8e9c3ce64b3f7c57e5da3a6a810fff9b9274824f3f1","processId":"ffyjc7ks4i4438yjcpkgpa","newPeriod":"6"}
processId=ffyjc7ks4i4438yjcpkgpa,event=SUCCESS_POST,url=syncDBCampaignFromBlockchain
processId=ffyjc7ks4i4438yjcpkgpa,event=SUCCESS_POST,url=synDBCampaignStateChangeFromBlockchain
processId=ffyjc7ks4i4438yjcpkgpa,event=SUCCESS_POST,url=synDBCampaignStateChangeFromBlockchain
processId=ffyjc7ks4i4438yjcpkgpa,event=SUCCESS_POST,url=syncDBVoteFromBlockchain
processId=5xjguac6xl8cml1xsvysf,event=SLASHED,block_number=141,tx_hash=0xa87c96c078783fb593a528d37bb466ff8672f5873a8905a112e04d464268bd7f,from=0x80186a14b130aa115e234291eed067a86f5b2b39,to=0x1713cce89d309e06e5dddff3442ca0084fc5a0fd,payload={"blockNumber":"141","from":"0x80186a14b130aa115e234291eed067a86f5b2b39","to":"0x1713cce89d309e06e5dddff3442ca0084fc5a0fd","txHash":"0xa87c96c078783fb593a528d37bb466ff8672f5873a8905a112e04d464268bd7f","processId":"5xjguac6xl8cml1xsvysf","member":"0x6d1cab076b804babcb39c4d19840fcdd4be7d6b5","amount":"0","actual":"10","expected":"12","diff":"2","period":"6"}
processId=ffyjc7ks4i4438yjcpkgpa,event=SUCCESS_POST,url=syncUpdatePeriod
processId=5xjguac6xl8cml1xsvysf,event=SUCCESS_POST,url=syncSlashedAmountFromBlockchain
{ blockNumber: 147,
  from: '0x436af9451bc4a8c169b11e1db45a45c6c3c411db',
  to: '0x1713cce89d309e06e5dddff3442ca0084fc5a0fd',
  txHash:
   '0x850553a92b1ea58d3ad6706b338a04c98ac2cbde43bfa8ab427d2bbeafccef25',
  processId: 'aw10zhf55bftkbvlpmfx8',
  period: '7' }
SET_CAMPAIGN_WINNER
processId=aw10zhf55bftkbvlpmfx8,event=SET_CAMPAIGN_WINNER,block_number=147,tx_hash=0x850553a92b1ea58d3ad6706b338a04c98ac2cbde43bfa8ab427d2bbeafccef25,from=0x436af9451bc4a8c169b11e1db45a45c6c3c411db,to=0x1713cce89d309e06e5dddff3442ca0084fc5a0fd,payload={"blockNumber":147,"from":"0x436af9451bc4a8c169b11e1db45a45c6c3c411db","to":"0x1713cce89d309e06e5dddff3442ca0084fc5a0fd","txHash":"0x850553a92b1ea58d3ad6706b338a04c98ac2cbde43bfa8ab427d2bbeafccef25","processId":"aw10zhf55bftkbvlpmfx8","period":"7"}
processId=aw10zhf55bftkbvlpmfx8,event=SUCCESS_POST,url=syncSetCampaignManager
processId=ao9a3f4p4ci4ai2qzd9yzr,event=NEW_CAMPAIGN,block_number=149,tx_hash=0x242b3abe1d19bc5334b88ae029fc286970ec90b51ddd28d2b03af7de5cc7c507,from=0x436af9451bc4a8c169b11e1db45a45c6c3c411db,to=0x23ba6a3c90c2137dfd95475deaa1dcf2b6e3c349,payload={"blockNumber":149,"from":"0x436af9451bc4a8c169b11e1db45a45c6c3c411db","to":"0x23ba6a3c90c2137dfd95475deaa1dcf2b6e3c349","txHash":"0x242b3abe1d19bc5334b88ae029fc286970ec90b51ddd28d2b03af7de5cc7c507","processId":"ao9a3f4p4ci4ai2qzd9yzr","campaignAddress":"0xbc93baa144f6fff2ce5142933afc6b682ca34065"}
processId=ao9a3f4p4ci4ai2qzd9yzr,event=VOTED,block_number=149,tx_hash=0x242b3abe1d19bc5334b88ae029fc286970ec90b51ddd28d2b03af7de5cc7c507,from=0x436af9451bc4a8c169b11e1db45a45c6c3c411db,to=0x23ba6a3c90c2137dfd95475deaa1dcf2b6e3c349,payload={"blockNumber":149,"from":"0x436af9451bc4a8c169b11e1db45a45c6c3c411db","to":"0x23ba6a3c90c2137dfd95475deaa1dcf2b6e3c349","txHash":"0x242b3abe1d19bc5334b88ae029fc286970ec90b51ddd28d2b03af7de5cc7c507","processId":"ao9a3f4p4ci4ai2qzd9yzr","votedKey":"0x2e2dfd356447a922c413a9b716c7f2a45c5c3cda959976cb79b1f075f2d89aa9"}
processId=ao9a3f4p4ci4ai2qzd9yzr,event=SUCCESS_POST,url=syncDBCampaignFromBlockchain
processId=ao9a3f4p4ci4ai2qzd9yzr,event=SUCCESS_POST,url=syncDBVoteFromBlockchain
processId=7a67we8qlcmhi8y3557yzi,event=NEW_CAMPAIGN,block_number=150,tx_hash=0x8c71617deddd86af5f08ff7e366ea92fda18179cc39df11e28e781651f5b911c,from=0x436af9451bc4a8c169b11e1db45a45c6c3c411db,to=0x1713cce89d309e06e5dddff3442ca0084fc5a0fd,payload={"blockNumber":150,"from":"0x436af9451bc4a8c169b11e1db45a45c6c3c411db","to":"0x1713cce89d309e06e5dddff3442ca0084fc5a0fd","txHash":"0x8c71617deddd86af5f08ff7e366ea92fda18179cc39df11e28e781651f5b911c","processId":"7a67we8qlcmhi8y3557yzi","campaignAddress":"0xc2b322a2addaf16da425826ab62dd3e6799e9041"}
processId=7a67we8qlcmhi8y3557yzi,event=STATE_CHANGE,block_number=150,tx_hash=0x8c71617deddd86af5f08ff7e366ea92fda18179cc39df11e28e781651f5b911c,from=0x436af9451bc4a8c169b11e1db45a45c6c3c411db,to=0x1713cce89d309e06e5dddff3442ca0084fc5a0fd,payload={"blockNumber":150,"from":"0x436af9451bc4a8c169b11e1db45a45c6c3c411db","to":"0x1713cce89d309e06e5dddff3442ca0084fc5a0fd","txHash":"0x8c71617deddd86af5f08ff7e366ea92fda18179cc39df11e28e781651f5b911c","processId":"7a67we8qlcmhi8y3557yzi","campaignAddress":"0x32227d68482dddf8b2ba6fbd4565a571efaaaea4","state":"2"}
processId=7a67we8qlcmhi8y3557yzi,event=STATE_CHANGE,block_number=150,tx_hash=0x8c71617deddd86af5f08ff7e366ea92fda18179cc39df11e28e781651f5b911c,from=0x436af9451bc4a8c169b11e1db45a45c6c3c411db,to=0x1713cce89d309e06e5dddff3442ca0084fc5a0fd,payload={"blockNumber":150,"from":"0x436af9451bc4a8c169b11e1db45a45c6c3c411db","to":"0x1713cce89d309e06e5dddff3442ca0084fc5a0fd","txHash":"0x8c71617deddd86af5f08ff7e366ea92fda18179cc39df11e28e781651f5b911c","processId":"7a67we8qlcmhi8y3557yzi","campaignAddress":"0xb09337d11b7eeea799eb21adb486ef3996b0fcc1","state":"1"}
processId=7a67we8qlcmhi8y3557yzi,event=VOTED,block_number=150,tx_hash=0x8c71617deddd86af5f08ff7e366ea92fda18179cc39df11e28e781651f5b911c,from=0x436af9451bc4a8c169b11e1db45a45c6c3c411db,to=0x1713cce89d309e06e5dddff3442ca0084fc5a0fd,payload={"blockNumber":150,"from":"0x436af9451bc4a8c169b11e1db45a45c6c3c411db","to":"0x1713cce89d309e06e5dddff3442ca0084fc5a0fd","txHash":"0x8c71617deddd86af5f08ff7e366ea92fda18179cc39df11e28e781651f5b911c","processId":"7a67we8qlcmhi8y3557yzi","votedKey":"0x000e9c1c4fc804a522b61f8aadd9c3b8ca70066726c26920eb70c8adfbe226cc"}
processId=7a67we8qlcmhi8y3557yzi,event=UPDATED_PERIOD,block_number=150,tx_hash=0x8c71617deddd86af5f08ff7e366ea92fda18179cc39df11e28e781651f5b911c,from=0x436af9451bc4a8c169b11e1db45a45c6c3c411db,to=0x1713cce89d309e06e5dddff3442ca0084fc5a0fd,payload={"blockNumber":150,"from":"0x436af9451bc4a8c169b11e1db45a45c6c3c411db","to":"0x1713cce89d309e06e5dddff3442ca0084fc5a0fd","txHash":"0x8c71617deddd86af5f08ff7e366ea92fda18179cc39df11e28e781651f5b911c","processId":"7a67we8qlcmhi8y3557yzi","newPeriod":"7"}
processId=7a67we8qlcmhi8y3557yzi,event=SUCCESS_POST,url=syncDBCampaignFromBlockchain
processId=7a67we8qlcmhi8y3557yzi,event=SUCCESS_POST,url=synDBCampaignStateChangeFromBlockchain
processId=7a67we8qlcmhi8y3557yzi,event=SUCCESS_POST,url=synDBCampaignStateChangeFromBlockchain
processId=7a67we8qlcmhi8y3557yzi,event=SUCCESS_POST,url=syncDBVoteFromBlockchain
processId=iz7k0thuruvg9cvn9f0uf,event=SLASHED,block_number=151,tx_hash=0x9aa397b10948740535d2a3db0703ab2b1985a358b36b2328c0547c58fb601070,from=0x80186a14b130aa115e234291eed067a86f5b2b39,to=0x1713cce89d309e06e5dddff3442ca0084fc5a0fd,payload={"blockNumber":"151","from":"0x80186a14b130aa115e234291eed067a86f5b2b39","to":"0x1713cce89d309e06e5dddff3442ca0084fc5a0fd","txHash":"0x9aa397b10948740535d2a3db0703ab2b1985a358b36b2328c0547c58fb601070","processId":"iz7k0thuruvg9cvn9f0uf","member":"0x6d1cab076b804babcb39c4d19840fcdd4be7d6b5","amount":"0","actual":"12","expected":"14","diff":"2","period":"7"}
processId=8j1xaruc15snnng4ndil1,event=SLASHED,block_number=152,tx_hash=0x9d9b457fb788b8701d4f4ce427611978f122ff8c6dba615870953353c4176090,from=0x80186a14b130aa115e234291eed067a86f5b2b39,to=0x1713cce89d309e06e5dddff3442ca0084fc5a0fd,payload={"blockNumber":"152","from":"0x80186a14b130aa115e234291eed067a86f5b2b39","to":"0x1713cce89d309e06e5dddff3442ca0084fc5a0fd","txHash":"0x9d9b457fb788b8701d4f4ce427611978f122ff8c6dba615870953353c4176090","processId":"8j1xaruc15snnng4ndil1","member":"0x436af9451bc4a8c169b11e1db45a45c6c3c411db","amount":"17","actual":"13","expected":"14","diff":"1","period":"7"}
processId=7a67we8qlcmhi8y3557yzi,event=SUCCESS_POST,url=syncUpdatePeriod
processId=iz7k0thuruvg9cvn9f0uf,event=SUCCESS_POST,url=syncSlashedAmountFromBlockchain
processId=8j1xaruc15snnng4ndil1,event=SUCCESS_POST,url=syncSlashedAmountFromBlockchain
{ blockNumber: 164,
  from: '0x436af9451bc4a8c169b11e1db45a45c6c3c411db',
  to: '0x1713cce89d309e06e5dddff3442ca0084fc5a0fd',
  txHash:
   '0xa11a40175caeba8caad6ee10662b4705e57cf9342bc61e09676d5cc279c6c8ed',
  processId: '5su5j4zkx51plpuuwvvb9',
  period: '8' }
SET_CAMPAIGN_WINNER
processId=5su5j4zkx51plpuuwvvb9,event=SET_CAMPAIGN_WINNER,block_number=164,tx_hash=0xa11a40175caeba8caad6ee10662b4705e57cf9342bc61e09676d5cc279c6c8ed,from=0x436af9451bc4a8c169b11e1db45a45c6c3c411db,to=0x1713cce89d309e06e5dddff3442ca0084fc5a0fd,payload={"blockNumber":164,"from":"0x436af9451bc4a8c169b11e1db45a45c6c3c411db","to":"0x1713cce89d309e06e5dddff3442ca0084fc5a0fd","txHash":"0xa11a40175caeba8caad6ee10662b4705e57cf9342bc61e09676d5cc279c6c8ed","processId":"5su5j4zkx51plpuuwvvb9","period":"8"}
processId=5su5j4zkx51plpuuwvvb9,event=SUCCESS_POST,url=syncSetCampaignManager
processId=kovbu4w6pt75dd4r5h7yt,event=PARTICIPATED,block_number=166,tx_hash=0x2aaa75f90b9ae7ad5f0056f5b3c6bcf6b469e8945aea65311f78e59cad233df4,from=0x436af9451bc4a8c169b11e1db45a45c6c3c411db,to=0x1713cce89d309e06e5dddff3442ca0084fc5a0fd,payload={"blockNumber":166,"from":"0x436af9451bc4a8c169b11e1db45a45c6c3c411db","to":"0x1713cce89d309e06e5dddff3442ca0084fc5a0fd","txHash":"0x2aaa75f90b9ae7ad5f0056f5b3c6bcf6b469e8945aea65311f78e59cad233df4","processId":"kovbu4w6pt75dd4r5h7yt","participant":"0x436af9451bc4a8c169b11e1db45a45c6c3c411db","campaign":"0xb09337d11b7eeea799eb21adb486ef3996b0fcc1","earned":"450","participationKey":"0x2e2dfd356447a922c413a9b716c7f2a45c5c3cda959976cb79b1f075f2d89aa9","period":"7"}
processId=kovbu4w6pt75dd4r5h7yt,event=DISBURSEMENT,block_number=166,tx_hash=0x2aaa75f90b9ae7ad5f0056f5b3c6bcf6b469e8945aea65311f78e59cad233df4,from=0x436af9451bc4a8c169b11e1db45a45c6c3c411db,to=0x436af9451bc4a8c169b11e1db45a45c6c3c411db,payload={"blockNumber":"166","from":"0x436af9451bc4a8c169b11e1db45a45c6c3c411db","to":"0x436af9451bc4a8c169b11e1db45a45c6c3c411db","txHash":"0x2aaa75f90b9ae7ad5f0056f5b3c6bcf6b469e8945aea65311f78e59cad233df4","processId":"kovbu4w6pt75dd4r5h7yt","disbursementId":"0x3f88031915ef16216b1510c9f639fc0d8975286a2af34b6775d56f3ac7556902","allocationType":"0","campaign":"0xb09337d11b7eeea799eb21adb486ef3996b0fcc1","amount":"450","period":"7"}
processId=kovbu4w6pt75dd4r5h7yt,event=SUCCESS_POST,url=syncDBParticipantFromBlockchain
processId=kovbu4w6pt75dd4r5h7yt,event=SUCCESS_POST,url=synDBDisbursementFromBlockchain
processId=gkfm72t5szbedi8zivvwf,event=NEW_CAMPAIGN,block_number=167,tx_hash=0x359f8c07febff67e72471c5c9955f76a090269adfb36a9317d3b7f80c8423f28,from=0x436af9451bc4a8c169b11e1db45a45c6c3c411db,to=0x23ba6a3c90c2137dfd95475deaa1dcf2b6e3c349,payload={"blockNumber":167,"from":"0x436af9451bc4a8c169b11e1db45a45c6c3c411db","to":"0x23ba6a3c90c2137dfd95475deaa1dcf2b6e3c349","txHash":"0x359f8c07febff67e72471c5c9955f76a090269adfb36a9317d3b7f80c8423f28","processId":"gkfm72t5szbedi8zivvwf","campaignAddress":"0x3085494efefc97b5a0e77b5edbce419ceae41d15"}
processId=gkfm72t5szbedi8zivvwf,event=VOTED,block_number=167,tx_hash=0x359f8c07febff67e72471c5c9955f76a090269adfb36a9317d3b7f80c8423f28,from=0x436af9451bc4a8c169b11e1db45a45c6c3c411db,to=0x23ba6a3c90c2137dfd95475deaa1dcf2b6e3c349,payload={"blockNumber":167,"from":"0x436af9451bc4a8c169b11e1db45a45c6c3c411db","to":"0x23ba6a3c90c2137dfd95475deaa1dcf2b6e3c349","txHash":"0x359f8c07febff67e72471c5c9955f76a090269adfb36a9317d3b7f80c8423f28","processId":"gkfm72t5szbedi8zivvwf","votedKey":"0x4020ea67944c425acfd6a318aac6a50459354711994b65320a52cb2c356431e0"}
processId=gkfm72t5szbedi8zivvwf,event=SUCCESS_POST,url=syncDBCampaignFromBlockchain
processId=gkfm72t5szbedi8zivvwf,event=SUCCESS_POST,url=syncDBVoteFromBlockchain
processId=ql2z87q9i9f3c4scj5rxs,event=NEW_CAMPAIGN,block_number=168,tx_hash=0x5cc28aca438f5e672db677484957a1145fbf3f6b8491a05102de40dd705d58fa,from=0x436af9451bc4a8c169b11e1db45a45c6c3c411db,to=0x1713cce89d309e06e5dddff3442ca0084fc5a0fd,payload={"blockNumber":168,"from":"0x436af9451bc4a8c169b11e1db45a45c6c3c411db","to":"0x1713cce89d309e06e5dddff3442ca0084fc5a0fd","txHash":"0x5cc28aca438f5e672db677484957a1145fbf3f6b8491a05102de40dd705d58fa","processId":"ql2z87q9i9f3c4scj5rxs","campaignAddress":"0xaf8e3fc3ef1926bf7ce16b2368a01752460d6c56"}
processId=ql2z87q9i9f3c4scj5rxs,event=STATE_CHANGE,block_number=168,tx_hash=0x5cc28aca438f5e672db677484957a1145fbf3f6b8491a05102de40dd705d58fa,from=0x436af9451bc4a8c169b11e1db45a45c6c3c411db,to=0x1713cce89d309e06e5dddff3442ca0084fc5a0fd,payload={"blockNumber":168,"from":"0x436af9451bc4a8c169b11e1db45a45c6c3c411db","to":"0x1713cce89d309e06e5dddff3442ca0084fc5a0fd","txHash":"0x5cc28aca438f5e672db677484957a1145fbf3f6b8491a05102de40dd705d58fa","processId":"ql2z87q9i9f3c4scj5rxs","campaignAddress":"0xb09337d11b7eeea799eb21adb486ef3996b0fcc1","state":"2"}
processId=ql2z87q9i9f3c4scj5rxs,event=STATE_CHANGE,block_number=168,tx_hash=0x5cc28aca438f5e672db677484957a1145fbf3f6b8491a05102de40dd705d58fa,from=0x436af9451bc4a8c169b11e1db45a45c6c3c411db,to=0x1713cce89d309e06e5dddff3442ca0084fc5a0fd,payload={"blockNumber":168,"from":"0x436af9451bc4a8c169b11e1db45a45c6c3c411db","to":"0x1713cce89d309e06e5dddff3442ca0084fc5a0fd","txHash":"0x5cc28aca438f5e672db677484957a1145fbf3f6b8491a05102de40dd705d58fa","processId":"ql2z87q9i9f3c4scj5rxs","campaignAddress":"0xc2b322a2addaf16da425826ab62dd3e6799e9041","state":"1"}
processId=ql2z87q9i9f3c4scj5rxs,event=VOTED,block_number=168,tx_hash=0x5cc28aca438f5e672db677484957a1145fbf3f6b8491a05102de40dd705d58fa,from=0x436af9451bc4a8c169b11e1db45a45c6c3c411db,to=0x1713cce89d309e06e5dddff3442ca0084fc5a0fd,payload={"blockNumber":168,"from":"0x436af9451bc4a8c169b11e1db45a45c6c3c411db","to":"0x1713cce89d309e06e5dddff3442ca0084fc5a0fd","txHash":"0x5cc28aca438f5e672db677484957a1145fbf3f6b8491a05102de40dd705d58fa","processId":"ql2z87q9i9f3c4scj5rxs","votedKey":"0xf4300a7d43509152b6ab0e3bad01de451b1e6734c9127bccd6095568995bbaae"}
processId=ql2z87q9i9f3c4scj5rxs,event=UPDATED_PERIOD,block_number=168,tx_hash=0x5cc28aca438f5e672db677484957a1145fbf3f6b8491a05102de40dd705d58fa,from=0x436af9451bc4a8c169b11e1db45a45c6c3c411db,to=0x1713cce89d309e06e5dddff3442ca0084fc5a0fd,payload={"blockNumber":168,"from":"0x436af9451bc4a8c169b11e1db45a45c6c3c411db","to":"0x1713cce89d309e06e5dddff3442ca0084fc5a0fd","txHash":"0x5cc28aca438f5e672db677484957a1145fbf3f6b8491a05102de40dd705d58fa","processId":"ql2z87q9i9f3c4scj5rxs","newPeriod":"8"}
processId=ql2z87q9i9f3c4scj5rxs,event=SUCCESS_POST,url=syncDBCampaignFromBlockchain
processId=ql2z87q9i9f3c4scj5rxs,event=SUCCESS_POST,url=synDBCampaignStateChangeFromBlockchain
processId=ql2z87q9i9f3c4scj5rxs,event=SUCCESS_POST,url=synDBCampaignStateChangeFromBlockchain
processId=ql2z87q9i9f3c4scj5rxs,event=SUCCESS_POST,url=syncDBVoteFromBlockchain
processId=foeo5oyyvzsrt8ehetukw,event=SLASHED,block_number=169,tx_hash=0xc1e73d67f64dd11a0003ec12cfba3bd749c63fff0a860ccc3319b83f5404c094,from=0x80186a14b130aa115e234291eed067a86f5b2b39,to=0x1713cce89d309e06e5dddff3442ca0084fc5a0fd,payload={"blockNumber":"169","from":"0x80186a14b130aa115e234291eed067a86f5b2b39","to":"0x1713cce89d309e06e5dddff3442ca0084fc5a0fd","txHash":"0xc1e73d67f64dd11a0003ec12cfba3bd749c63fff0a860ccc3319b83f5404c094","processId":"foeo5oyyvzsrt8ehetukw","member":"0x6d1cab076b804babcb39c4d19840fcdd4be7d6b5","amount":"0","actual":"14","expected":"16","diff":"2","period":"8"}
processId=ql2z87q9i9f3c4scj5rxs,event=SUCCESS_POST,url=syncUpdatePeriod
processId=foeo5oyyvzsrt8ehetukw,event=SUCCESS_POST,url=syncSlashedAmountFromBlockchain
{ blockNumber: 175,
  from: '0x436af9451bc4a8c169b11e1db45a45c6c3c411db',
  to: '0x1713cce89d309e06e5dddff3442ca0084fc5a0fd',
  txHash:
   '0xc6303cac99e0f6f31b3dbfb109f7181e16b8e6909657caf9b993ffd2aed66215',
  processId: 'fi69g8shi0rjxvnl39bh2o',
  period: '9' }
SET_CAMPAIGN_WINNER
processId=fi69g8shi0rjxvnl39bh2o,event=SET_CAMPAIGN_WINNER,block_number=175,tx_hash=0xc6303cac99e0f6f31b3dbfb109f7181e16b8e6909657caf9b993ffd2aed66215,from=0x436af9451bc4a8c169b11e1db45a45c6c3c411db,to=0x1713cce89d309e06e5dddff3442ca0084fc5a0fd,payload={"blockNumber":175,"from":"0x436af9451bc4a8c169b11e1db45a45c6c3c411db","to":"0x1713cce89d309e06e5dddff3442ca0084fc5a0fd","txHash":"0xc6303cac99e0f6f31b3dbfb109f7181e16b8e6909657caf9b993ffd2aed66215","processId":"fi69g8shi0rjxvnl39bh2o","period":"9"}
processId=fi69g8shi0rjxvnl39bh2o,event=SUCCESS_POST,url=syncSetCampaignManager
processId=gttg1h5xrhfwpxvasbm9p,event=NEW_CAMPAIGN,block_number=177,tx_hash=0x7a508e35bddc163c9e73a304a02b3d920c6f4f96e585d20698d234c198aea85b,from=0x436af9451bc4a8c169b11e1db45a45c6c3c411db,to=0x1713cce89d309e06e5dddff3442ca0084fc5a0fd,payload={"blockNumber":177,"from":"0x436af9451bc4a8c169b11e1db45a45c6c3c411db","to":"0x1713cce89d309e06e5dddff3442ca0084fc5a0fd","txHash":"0x7a508e35bddc163c9e73a304a02b3d920c6f4f96e585d20698d234c198aea85b","processId":"gttg1h5xrhfwpxvasbm9p","campaignAddress":"0xd95be7c3d95eb653aa3d035a1254f13521a8cf25"}
processId=gttg1h5xrhfwpxvasbm9p,event=STATE_CHANGE,block_number=177,tx_hash=0x7a508e35bddc163c9e73a304a02b3d920c6f4f96e585d20698d234c198aea85b,from=0x436af9451bc4a8c169b11e1db45a45c6c3c411db,to=0x1713cce89d309e06e5dddff3442ca0084fc5a0fd,payload={"blockNumber":177,"from":"0x436af9451bc4a8c169b11e1db45a45c6c3c411db","to":"0x1713cce89d309e06e5dddff3442ca0084fc5a0fd","txHash":"0x7a508e35bddc163c9e73a304a02b3d920c6f4f96e585d20698d234c198aea85b","processId":"gttg1h5xrhfwpxvasbm9p","campaignAddress":"0xc2b322a2addaf16da425826ab62dd3e6799e9041","state":"2"}
processId=gttg1h5xrhfwpxvasbm9p,event=STATE_CHANGE,block_number=177,tx_hash=0x7a508e35bddc163c9e73a304a02b3d920c6f4f96e585d20698d234c198aea85b,from=0x436af9451bc4a8c169b11e1db45a45c6c3c411db,to=0x1713cce89d309e06e5dddff3442ca0084fc5a0fd,payload={"blockNumber":177,"from":"0x436af9451bc4a8c169b11e1db45a45c6c3c411db","to":"0x1713cce89d309e06e5dddff3442ca0084fc5a0fd","txHash":"0x7a508e35bddc163c9e73a304a02b3d920c6f4f96e585d20698d234c198aea85b","processId":"gttg1h5xrhfwpxvasbm9p","campaignAddress":"0xaf8e3fc3ef1926bf7ce16b2368a01752460d6c56","state":"1"}
processId=gttg1h5xrhfwpxvasbm9p,event=VOTED,block_number=177,tx_hash=0x7a508e35bddc163c9e73a304a02b3d920c6f4f96e585d20698d234c198aea85b,from=0x436af9451bc4a8c169b11e1db45a45c6c3c411db,to=0x1713cce89d309e06e5dddff3442ca0084fc5a0fd,payload={"blockNumber":177,"from":"0x436af9451bc4a8c169b11e1db45a45c6c3c411db","to":"0x1713cce89d309e06e5dddff3442ca0084fc5a0fd","txHash":"0x7a508e35bddc163c9e73a304a02b3d920c6f4f96e585d20698d234c198aea85b","processId":"gttg1h5xrhfwpxvasbm9p","votedKey":"0x42f54fbbdb3182a4e14caa8e827c929f4bb09ef9f4f91db1146f61aab46d879c"}
processId=gttg1h5xrhfwpxvasbm9p,event=UPDATED_PERIOD,block_number=177,tx_hash=0x7a508e35bddc163c9e73a304a02b3d920c6f4f96e585d20698d234c198aea85b,from=0x436af9451bc4a8c169b11e1db45a45c6c3c411db,to=0x1713cce89d309e06e5dddff3442ca0084fc5a0fd,payload={"blockNumber":177,"from":"0x436af9451bc4a8c169b11e1db45a45c6c3c411db","to":"0x1713cce89d309e06e5dddff3442ca0084fc5a0fd","txHash":"0x7a508e35bddc163c9e73a304a02b3d920c6f4f96e585d20698d234c198aea85b","processId":"gttg1h5xrhfwpxvasbm9p","newPeriod":"9"}
processId=gttg1h5xrhfwpxvasbm9p,event=SUCCESS_POST,url=syncDBCampaignFromBlockchain
processId=gttg1h5xrhfwpxvasbm9p,event=SUCCESS_POST,url=synDBCampaignStateChangeFromBlockchain
processId=gttg1h5xrhfwpxvasbm9p,event=SUCCESS_POST,url=synDBCampaignStateChangeFromBlockchain
processId=gttg1h5xrhfwpxvasbm9p,event=SUCCESS_POST,url=syncDBVoteFromBlockchain
processId=vasxkln6fnclzyb50wnoz,event=SLASHED,block_number=178,tx_hash=0xfd3955f5d2e5d10cfee56b8c120157726965a68a2f6b888ca2a8555b2814865c,from=0x80186a14b130aa115e234291eed067a86f5b2b39,to=0x1713cce89d309e06e5dddff3442ca0084fc5a0fd,payload={"blockNumber":"178","from":"0x80186a14b130aa115e234291eed067a86f5b2b39","to":"0x1713cce89d309e06e5dddff3442ca0084fc5a0fd","txHash":"0xfd3955f5d2e5d10cfee56b8c120157726965a68a2f6b888ca2a8555b2814865c","processId":"vasxkln6fnclzyb50wnoz","member":"0x6d1cab076b804babcb39c4d19840fcdd4be7d6b5","amount":"0","actual":"16","expected":"18","diff":"2","period":"9"}
processId=zsdlekasi7m2cbo1gx5xs,event=SLASHED,block_number=179,tx_hash=0x98a7c482d31a58fe3818913d27af00969385bdf97c8e12427deec0854edc6329,from=0x80186a14b130aa115e234291eed067a86f5b2b39,to=0x1713cce89d309e06e5dddff3442ca0084fc5a0fd,payload={"blockNumber":"179","from":"0x80186a14b130aa115e234291eed067a86f5b2b39","to":"0x1713cce89d309e06e5dddff3442ca0084fc5a0fd","txHash":"0x98a7c482d31a58fe3818913d27af00969385bdf97c8e12427deec0854edc6329","processId":"zsdlekasi7m2cbo1gx5xs","member":"0x436af9451bc4a8c169b11e1db45a45c6c3c411db","amount":"44","actual":"16","expected":"18","diff":"2","period":"9"}
processId=gttg1h5xrhfwpxvasbm9p,event=SUCCESS_POST,url=syncUpdatePeriod
processId=vasxkln6fnclzyb50wnoz,event=SUCCESS_POST,url=syncSlashedAmountFromBlockchain
processId=zsdlekasi7m2cbo1gx5xs,event=SUCCESS_POST,url=syncSlashedAmountFromBlockchain
processId=b7ew6p1pq3u4blq9zbrhl,event=NEW_CAMPAIGN,block_number=191,tx_hash=0xab34447ae13af3ed5bd2d8ce0f5ea9007cca5f022ebe89950384884ed7031503,from=0x436af9451bc4a8c169b11e1db45a45c6c3c411db,to=0x23ba6a3c90c2137dfd95475deaa1dcf2b6e3c349,payload={"blockNumber":191,"from":"0x436af9451bc4a8c169b11e1db45a45c6c3c411db","to":"0x23ba6a3c90c2137dfd95475deaa1dcf2b6e3c349","txHash":"0xab34447ae13af3ed5bd2d8ce0f5ea9007cca5f022ebe89950384884ed7031503","processId":"b7ew6p1pq3u4blq9zbrhl","campaignAddress":"0x3f211c8b9f7ac6abae726ef6a35233387bf51092"}
processId=b7ew6p1pq3u4blq9zbrhl,event=VOTED,block_number=191,tx_hash=0xab34447ae13af3ed5bd2d8ce0f5ea9007cca5f022ebe89950384884ed7031503,from=0x436af9451bc4a8c169b11e1db45a45c6c3c411db,to=0x23ba6a3c90c2137dfd95475deaa1dcf2b6e3c349,payload={"blockNumber":191,"from":"0x436af9451bc4a8c169b11e1db45a45c6c3c411db","to":"0x23ba6a3c90c2137dfd95475deaa1dcf2b6e3c349","txHash":"0xab34447ae13af3ed5bd2d8ce0f5ea9007cca5f022ebe89950384884ed7031503","processId":"b7ew6p1pq3u4blq9zbrhl","votedKey":"0x174c0b4fa378bf4e2a6355301ccb842e0f00639620ff21c4de1ee90e7a5705d4"}
processId=b7ew6p1pq3u4blq9zbrhl,event=SUCCESS_POST,url=syncDBCampaignFromBlockchain
processId=b7ew6p1pq3u4blq9zbrhl,event=SUCCESS_POST,url=syncDBVoteFromBlockchain
{ blockNumber: 192,
  from: '0x436af9451bc4a8c169b11e1db45a45c6c3c411db',
  to: '0x1713cce89d309e06e5dddff3442ca0084fc5a0fd',
  txHash:
   '0x4838cb0f299e3ab5784ad08fb2804887c7590f479cf646696ccbecb8ea813aeb',
  processId: 'ls86bqydsnbvpmzrl34y',
  period: '10' }
SET_CAMPAIGN_WINNER
processId=ls86bqydsnbvpmzrl34y,event=SET_CAMPAIGN_WINNER,block_number=192,tx_hash=0x4838cb0f299e3ab5784ad08fb2804887c7590f479cf646696ccbecb8ea813aeb,from=0x436af9451bc4a8c169b11e1db45a45c6c3c411db,to=0x1713cce89d309e06e5dddff3442ca0084fc5a0fd,payload={"blockNumber":192,"from":"0x436af9451bc4a8c169b11e1db45a45c6c3c411db","to":"0x1713cce89d309e06e5dddff3442ca0084fc5a0fd","txHash":"0x4838cb0f299e3ab5784ad08fb2804887c7590f479cf646696ccbecb8ea813aeb","processId":"ls86bqydsnbvpmzrl34y","period":"10"}
processId=ls86bqydsnbvpmzrl34y,event=SUCCESS_POST,url=syncSetCampaignManager
processId=fef30b4k7pougotacy93g,event=NEW_CAMPAIGN,block_number=194,tx_hash=0x004e9731499ab812e7a61c5e5f633875cd72b71459395622a5af267676253c8f,from=0x436af9451bc4a8c169b11e1db45a45c6c3c411db,to=0x1713cce89d309e06e5dddff3442ca0084fc5a0fd,payload={"blockNumber":194,"from":"0x436af9451bc4a8c169b11e1db45a45c6c3c411db","to":"0x1713cce89d309e06e5dddff3442ca0084fc5a0fd","txHash":"0x004e9731499ab812e7a61c5e5f633875cd72b71459395622a5af267676253c8f","processId":"fef30b4k7pougotacy93g","campaignAddress":"0x02576f1fe78d78a24363c48d65d0d97ab82fd916"}
processId=fef30b4k7pougotacy93g,event=STATE_CHANGE,block_number=194,tx_hash=0x004e9731499ab812e7a61c5e5f633875cd72b71459395622a5af267676253c8f,from=0x436af9451bc4a8c169b11e1db45a45c6c3c411db,to=0x1713cce89d309e06e5dddff3442ca0084fc5a0fd,payload={"blockNumber":194,"from":"0x436af9451bc4a8c169b11e1db45a45c6c3c411db","to":"0x1713cce89d309e06e5dddff3442ca0084fc5a0fd","txHash":"0x004e9731499ab812e7a61c5e5f633875cd72b71459395622a5af267676253c8f","processId":"fef30b4k7pougotacy93g","campaignAddress":"0xaf8e3fc3ef1926bf7ce16b2368a01752460d6c56","state":"2"}
processId=fef30b4k7pougotacy93g,event=STATE_CHANGE,block_number=194,tx_hash=0x004e9731499ab812e7a61c5e5f633875cd72b71459395622a5af267676253c8f,from=0x436af9451bc4a8c169b11e1db45a45c6c3c411db,to=0x1713cce89d309e06e5dddff3442ca0084fc5a0fd,payload={"blockNumber":194,"from":"0x436af9451bc4a8c169b11e1db45a45c6c3c411db","to":"0x1713cce89d309e06e5dddff3442ca0084fc5a0fd","txHash":"0x004e9731499ab812e7a61c5e5f633875cd72b71459395622a5af267676253c8f","processId":"fef30b4k7pougotacy93g","campaignAddress":"0x3f211c8b9f7ac6abae726ef6a35233387bf51092","state":"1"}
processId=fef30b4k7pougotacy93g,event=VOTED,block_number=194,tx_hash=0x004e9731499ab812e7a61c5e5f633875cd72b71459395622a5af267676253c8f,from=0x436af9451bc4a8c169b11e1db45a45c6c3c411db,to=0x1713cce89d309e06e5dddff3442ca0084fc5a0fd,payload={"blockNumber":194,"from":"0x436af9451bc4a8c169b11e1db45a45c6c3c411db","to":"0x1713cce89d309e06e5dddff3442ca0084fc5a0fd","txHash":"0x004e9731499ab812e7a61c5e5f633875cd72b71459395622a5af267676253c8f","processId":"fef30b4k7pougotacy93g","votedKey":"0x65164626a9cb699409c105eb8ae07f9c12eb4b60ac619fef334d56e821b8f17a"}
processId=fef30b4k7pougotacy93g,event=UPDATED_PERIOD,block_number=194,tx_hash=0x004e9731499ab812e7a61c5e5f633875cd72b71459395622a5af267676253c8f,from=0x436af9451bc4a8c169b11e1db45a45c6c3c411db,to=0x1713cce89d309e06e5dddff3442ca0084fc5a0fd,payload={"blockNumber":194,"from":"0x436af9451bc4a8c169b11e1db45a45c6c3c411db","to":"0x1713cce89d309e06e5dddff3442ca0084fc5a0fd","txHash":"0x004e9731499ab812e7a61c5e5f633875cd72b71459395622a5af267676253c8f","processId":"fef30b4k7pougotacy93g","newPeriod":"10"}
processId=fef30b4k7pougotacy93g,event=SUCCESS_POST,url=syncDBCampaignFromBlockchain
processId=fef30b4k7pougotacy93g,event=SUCCESS_POST,url=synDBCampaignStateChangeFromBlockchain
processId=fef30b4k7pougotacy93g,event=SUCCESS_POST,url=synDBCampaignStateChangeFromBlockchain
processId=fef30b4k7pougotacy93g,event=SUCCESS_POST,url=syncDBVoteFromBlockchain
processId=ipumcsxulh6nhv6epdcsj,event=SLASHED,block_number=195,tx_hash=0x318612206a08dbbcdcdb1ad436493ec0b51d365064f10914f6faf50d067baa3d,from=0x80186a14b130aa115e234291eed067a86f5b2b39,to=0x1713cce89d309e06e5dddff3442ca0084fc5a0fd,payload={"blockNumber":"195","from":"0x80186a14b130aa115e234291eed067a86f5b2b39","to":"0x1713cce89d309e06e5dddff3442ca0084fc5a0fd","txHash":"0x318612206a08dbbcdcdb1ad436493ec0b51d365064f10914f6faf50d067baa3d","processId":"ipumcsxulh6nhv6epdcsj","member":"0x6d1cab076b804babcb39c4d19840fcdd4be7d6b5","amount":"0","actual":"18","expected":"20","diff":"2","period":"10"}
processId=j8q2jmyue22rbsgdzrywn,event=SLASHED,block_number=196,tx_hash=0x8cf857b88fb236b8a0ee6e9ed8bdc10abad1cd6924addf0d94d97a0c5108e6de,from=0x80186a14b130aa115e234291eed067a86f5b2b39,to=0x1713cce89d309e06e5dddff3442ca0084fc5a0fd,payload={"blockNumber":"196","from":"0x80186a14b130aa115e234291eed067a86f5b2b39","to":"0x1713cce89d309e06e5dddff3442ca0084fc5a0fd","txHash":"0x8cf857b88fb236b8a0ee6e9ed8bdc10abad1cd6924addf0d94d97a0c5108e6de","processId":"j8q2jmyue22rbsgdzrywn","member":"0x436af9451bc4a8c169b11e1db45a45c6c3c411db","amount":"21","actual":"19","expected":"20","diff":"1","period":"10"}
processId=fef30b4k7pougotacy93g,event=SUCCESS_POST,url=syncUpdatePeriod
processId=ipumcsxulh6nhv6epdcsj,event=SUCCESS_POST,url=syncSlashedAmountFromBlockchain
processId=j8q2jmyue22rbsgdzrywn,event=SUCCESS_POST,url=syncSlashedAmountFromBlockchain
processId=qby7teingczwpwcbh92k,event=PARTICIPATED,block_number=208,tx_hash=0x5e53c908df9b9640075b40f7f13751faa1247ace31c0fec8339d7d5ab75bdfe8,from=0x436af9451bc4a8c169b11e1db45a45c6c3c411db,to=0x1713cce89d309e06e5dddff3442ca0084fc5a0fd,payload={"blockNumber":208,"from":"0x436af9451bc4a8c169b11e1db45a45c6c3c411db","to":"0x1713cce89d309e06e5dddff3442ca0084fc5a0fd","txHash":"0x5e53c908df9b9640075b40f7f13751faa1247ace31c0fec8339d7d5ab75bdfe8","processId":"qby7teingczwpwcbh92k","participant":"0x436af9451bc4a8c169b11e1db45a45c6c3c411db","campaign":"0x3f211c8b9f7ac6abae726ef6a35233387bf51092","earned":"450","participationKey":"0x4020ea67944c425acfd6a318aac6a50459354711994b65320a52cb2c356431e0","period":"10"}
processId=qby7teingczwpwcbh92k,event=DISBURSEMENT,block_number=208,tx_hash=0x5e53c908df9b9640075b40f7f13751faa1247ace31c0fec8339d7d5ab75bdfe8,from=0x436af9451bc4a8c169b11e1db45a45c6c3c411db,to=0x436af9451bc4a8c169b11e1db45a45c6c3c411db,payload={"blockNumber":"208","from":"0x436af9451bc4a8c169b11e1db45a45c6c3c411db","to":"0x436af9451bc4a8c169b11e1db45a45c6c3c411db","txHash":"0x5e53c908df9b9640075b40f7f13751faa1247ace31c0fec8339d7d5ab75bdfe8","processId":"qby7teingczwpwcbh92k","disbursementId":"0x97328c7460c7b8980f674375a22547fe76bfaf02e5561dff2733edb598b0518e","allocationType":"0","campaign":"0x3f211c8b9f7ac6abae726ef6a35233387bf51092","amount":"450","period":"10"}
processId=qby7teingczwpwcbh92k,event=SUCCESS_POST,url=syncDBParticipantFromBlockchain
processId=qby7teingczwpwcbh92k,event=SUCCESS_POST,url=synDBDisbursementFromBlockchain
processId=xfbkzvsf32pyolsjd663y,event=VOTED,block_number=209,tx_hash=0x8827803db96b79fab3210fdd76e7e7ce3f8a91c889a7a97c4e719325389b73b4,from=0x436af9451bc4a8c169b11e1db45a45c6c3c411db,to=0x03d2d564ad687cd67d5f0a401a974dd106ecc51d,payload={"blockNumber":209,"from":"0x436af9451bc4a8c169b11e1db45a45c6c3c411db","to":"0x03d2d564ad687cd67d5f0a401a974dd106ecc51d","txHash":"0x8827803db96b79fab3210fdd76e7e7ce3f8a91c889a7a97c4e719325389b73b4","processId":"xfbkzvsf32pyolsjd663y","votedKey":"0x845e45424bcb4baba2aa0c944d8b7fd3535602e8022deb7d02d9dce414b9becd"}
processId=xfbkzvsf32pyolsjd663y,event=SUCCESS_POST,url=syncDBVoteFromBlockchain
{ blockNumber: 210,
  from: '0x436af9451bc4a8c169b11e1db45a45c6c3c411db',
  to: '0x1713cce89d309e06e5dddff3442ca0084fc5a0fd',
  txHash:
   '0x23c1b0fb7cb296d7d6dcfcf6f897e067588d734a44b48145082a4c490b723fb3',
  processId: 'pm3nbmzt2l8e02hdchl42t',
  period: '11' }
SET_CAMPAIGN_WINNER
processId=pm3nbmzt2l8e02hdchl42t,event=SET_CAMPAIGN_WINNER,block_number=210,tx_hash=0x23c1b0fb7cb296d7d6dcfcf6f897e067588d734a44b48145082a4c490b723fb3,from=0x436af9451bc4a8c169b11e1db45a45c6c3c411db,to=0x1713cce89d309e06e5dddff3442ca0084fc5a0fd,payload={"blockNumber":210,"from":"0x436af9451bc4a8c169b11e1db45a45c6c3c411db","to":"0x1713cce89d309e06e5dddff3442ca0084fc5a0fd","txHash":"0x23c1b0fb7cb296d7d6dcfcf6f897e067588d734a44b48145082a4c490b723fb3","processId":"pm3nbmzt2l8e02hdchl42t","period":"11"}
processId=pm3nbmzt2l8e02hdchl42t,event=SUCCESS_POST,url=syncSetCampaignManager
processId=0zeai33vluew5ojlbr6mh,event=NEW_CAMPAIGN,block_number=212,tx_hash=0x0649d5db1fb08575691e179238332d87c523bf7f60a41ac6999b1531366f2f4f,from=0x436af9451bc4a8c169b11e1db45a45c6c3c411db,to=0x1713cce89d309e06e5dddff3442ca0084fc5a0fd,payload={"blockNumber":212,"from":"0x436af9451bc4a8c169b11e1db45a45c6c3c411db","to":"0x1713cce89d309e06e5dddff3442ca0084fc5a0fd","txHash":"0x0649d5db1fb08575691e179238332d87c523bf7f60a41ac6999b1531366f2f4f","processId":"0zeai33vluew5ojlbr6mh","campaignAddress":"0x65b02fe7281ace9181ba6a3f7aa73f559fe53b4d"}
processId=0zeai33vluew5ojlbr6mh,event=STATE_CHANGE,block_number=212,tx_hash=0x0649d5db1fb08575691e179238332d87c523bf7f60a41ac6999b1531366f2f4f,from=0x436af9451bc4a8c169b11e1db45a45c6c3c411db,to=0x1713cce89d309e06e5dddff3442ca0084fc5a0fd,payload={"blockNumber":212,"from":"0x436af9451bc4a8c169b11e1db45a45c6c3c411db","to":"0x1713cce89d309e06e5dddff3442ca0084fc5a0fd","txHash":"0x0649d5db1fb08575691e179238332d87c523bf7f60a41ac6999b1531366f2f4f","processId":"0zeai33vluew5ojlbr6mh","campaignAddress":"0x3f211c8b9f7ac6abae726ef6a35233387bf51092","state":"2"}
processId=0zeai33vluew5ojlbr6mh,event=STATE_CHANGE,block_number=212,tx_hash=0x0649d5db1fb08575691e179238332d87c523bf7f60a41ac6999b1531366f2f4f,from=0x436af9451bc4a8c169b11e1db45a45c6c3c411db,to=0x1713cce89d309e06e5dddff3442ca0084fc5a0fd,payload={"blockNumber":212,"from":"0x436af9451bc4a8c169b11e1db45a45c6c3c411db","to":"0x1713cce89d309e06e5dddff3442ca0084fc5a0fd","txHash":"0x0649d5db1fb08575691e179238332d87c523bf7f60a41ac6999b1531366f2f4f","processId":"0zeai33vluew5ojlbr6mh","campaignAddress":"0x02576f1fe78d78a24363c48d65d0d97ab82fd916","state":"1"}
processId=0zeai33vluew5ojlbr6mh,event=VOTED,block_number=212,tx_hash=0x0649d5db1fb08575691e179238332d87c523bf7f60a41ac6999b1531366f2f4f,from=0x436af9451bc4a8c169b11e1db45a45c6c3c411db,to=0x1713cce89d309e06e5dddff3442ca0084fc5a0fd,payload={"blockNumber":212,"from":"0x436af9451bc4a8c169b11e1db45a45c6c3c411db","to":"0x1713cce89d309e06e5dddff3442ca0084fc5a0fd","txHash":"0x0649d5db1fb08575691e179238332d87c523bf7f60a41ac6999b1531366f2f4f","processId":"0zeai33vluew5ojlbr6mh","votedKey":"0x3da78980159f443cb677da83877bc80a130cccda82bbe241f63d62659b00f18d"}
processId=0zeai33vluew5ojlbr6mh,event=UPDATED_PERIOD,block_number=212,tx_hash=0x0649d5db1fb08575691e179238332d87c523bf7f60a41ac6999b1531366f2f4f,from=0x436af9451bc4a8c169b11e1db45a45c6c3c411db,to=0x1713cce89d309e06e5dddff3442ca0084fc5a0fd,payload={"blockNumber":212,"from":"0x436af9451bc4a8c169b11e1db45a45c6c3c411db","to":"0x1713cce89d309e06e5dddff3442ca0084fc5a0fd","txHash":"0x0649d5db1fb08575691e179238332d87c523bf7f60a41ac6999b1531366f2f4f","processId":"0zeai33vluew5ojlbr6mh","newPeriod":"11"}
processId=0zeai33vluew5ojlbr6mh,event=SUCCESS_POST,url=syncDBCampaignFromBlockchain
processId=0zeai33vluew5ojlbr6mh,event=SUCCESS_POST,url=synDBCampaignStateChangeFromBlockchain
processId=0zeai33vluew5ojlbr6mh,event=SUCCESS_POST,url=synDBCampaignStateChangeFromBlockchain
processId=0zeai33vluew5ojlbr6mh,event=SUCCESS_POST,url=syncDBVoteFromBlockchain
processId=b2cfdwtrn3ojrf585dq43r,event=SLASHED,block_number=213,tx_hash=0x769b1465869c71b24babb2bbf9167464261fa69c97bb7ce52fa29728b18b2576,from=0x80186a14b130aa115e234291eed067a86f5b2b39,to=0x1713cce89d309e06e5dddff3442ca0084fc5a0fd,payload={"blockNumber":"213","from":"0x80186a14b130aa115e234291eed067a86f5b2b39","to":"0x1713cce89d309e06e5dddff3442ca0084fc5a0fd","txHash":"0x769b1465869c71b24babb2bbf9167464261fa69c97bb7ce52fa29728b18b2576","processId":"b2cfdwtrn3ojrf585dq43r","member":"0x6d1cab076b804babcb39c4d19840fcdd4be7d6b5","amount":"0","actual":"20","expected":"22","diff":"2","period":"11"}
processId=0zeai33vluew5ojlbr6mh,event=SUCCESS_POST,url=syncUpdatePeriod
processId=b2cfdwtrn3ojrf585dq43r,event=SUCCESS_POST,url=syncSlashedAmountFromBlockchain
processId=bnamylv9lc5kapayaha99p,event=PARTICIPATED,block_number=219,tx_hash=0x1b3b6076fd65b448f2d6c31964dd57028321b5bcba2a280f1857c90b3738da0a,from=0x436af9451bc4a8c169b11e1db45a45c6c3c411db,to=0x1713cce89d309e06e5dddff3442ca0084fc5a0fd,payload={"blockNumber":219,"from":"0x436af9451bc4a8c169b11e1db45a45c6c3c411db","to":"0x1713cce89d309e06e5dddff3442ca0084fc5a0fd","txHash":"0x1b3b6076fd65b448f2d6c31964dd57028321b5bcba2a280f1857c90b3738da0a","processId":"bnamylv9lc5kapayaha99p","participant":"0x436af9451bc4a8c169b11e1db45a45c6c3c411db","campaign":"0x02576f1fe78d78a24363c48d65d0d97ab82fd916","earned":"450","participationKey":"0x174c0b4fa378bf4e2a6355301ccb842e0f00639620ff21c4de1ee90e7a5705d4","period":"11"}
processId=bnamylv9lc5kapayaha99p,event=DISBURSEMENT,block_number=219,tx_hash=0x1b3b6076fd65b448f2d6c31964dd57028321b5bcba2a280f1857c90b3738da0a,from=0x436af9451bc4a8c169b11e1db45a45c6c3c411db,to=0x436af9451bc4a8c169b11e1db45a45c6c3c411db,payload={"blockNumber":"219","from":"0x436af9451bc4a8c169b11e1db45a45c6c3c411db","to":"0x436af9451bc4a8c169b11e1db45a45c6c3c411db","txHash":"0x1b3b6076fd65b448f2d6c31964dd57028321b5bcba2a280f1857c90b3738da0a","processId":"bnamylv9lc5kapayaha99p","disbursementId":"0x719df0f07aad67333af036b41f23ec33fc5c540e2e4bf493875b9bc96b9eb931","allocationType":"0","campaign":"0x02576f1fe78d78a24363c48d65d0d97ab82fd916","amount":"450","period":"11"}
processId=wgfgrlzopna03pmynnmke,event=NEW_CAMPAIGN,block_number=220,tx_hash=0xf5c8f619dc5af111346825e40878b3bf4dec62fe285970b5efd76128faceece8,from=0x436af9451bc4a8c169b11e1db45a45c6c3c411db,to=0x23ba6a3c90c2137dfd95475deaa1dcf2b6e3c349,payload={"blockNumber":220,"from":"0x436af9451bc4a8c169b11e1db45a45c6c3c411db","to":"0x23ba6a3c90c2137dfd95475deaa1dcf2b6e3c349","txHash":"0xf5c8f619dc5af111346825e40878b3bf4dec62fe285970b5efd76128faceece8","processId":"wgfgrlzopna03pmynnmke","campaignAddress":"0x46e394e1eecc43e6fbac054b6ea5ee261eb7443c"}
processId=wgfgrlzopna03pmynnmke,event=VOTED,block_number=220,tx_hash=0xf5c8f619dc5af111346825e40878b3bf4dec62fe285970b5efd76128faceece8,from=0x436af9451bc4a8c169b11e1db45a45c6c3c411db,to=0x23ba6a3c90c2137dfd95475deaa1dcf2b6e3c349,payload={"blockNumber":220,"from":"0x436af9451bc4a8c169b11e1db45a45c6c3c411db","to":"0x23ba6a3c90c2137dfd95475deaa1dcf2b6e3c349","txHash":"0xf5c8f619dc5af111346825e40878b3bf4dec62fe285970b5efd76128faceece8","processId":"wgfgrlzopna03pmynnmke","votedKey":"0x76b934774e7a3bc72e513a84b2c67fa6c7baf1e7367428a6bb923a92f1b89303"}
processId=bnamylv9lc5kapayaha99p,event=SUCCESS_POST,url=syncDBParticipantFromBlockchain
processId=wgfgrlzopna03pmynnmke,event=SUCCESS_POST,url=syncDBCampaignFromBlockchain
processId=bnamylv9lc5kapayaha99p,event=SUCCESS_POST,url=synDBDisbursementFromBlockchain
processId=wgfgrlzopna03pmynnmke,event=SUCCESS_POST,url=syncDBVoteFromBlockchain
{ blockNumber: 221,
  from: '0x436af9451bc4a8c169b11e1db45a45c6c3c411db',
  to: '0x1713cce89d309e06e5dddff3442ca0084fc5a0fd',
  txHash:
   '0x5d8c21208426af2a4f9aa0d7ffa370425b534ab07d3ae01e0c25aea4da72295d',
  processId: 'tczgjf7quf20bw7yz8gwi',
  period: '12' }
SET_CAMPAIGN_WINNER
processId=tczgjf7quf20bw7yz8gwi,event=SET_CAMPAIGN_WINNER,block_number=221,tx_hash=0x5d8c21208426af2a4f9aa0d7ffa370425b534ab07d3ae01e0c25aea4da72295d,from=0x436af9451bc4a8c169b11e1db45a45c6c3c411db,to=0x1713cce89d309e06e5dddff3442ca0084fc5a0fd,payload={"blockNumber":221,"from":"0x436af9451bc4a8c169b11e1db45a45c6c3c411db","to":"0x1713cce89d309e06e5dddff3442ca0084fc5a0fd","txHash":"0x5d8c21208426af2a4f9aa0d7ffa370425b534ab07d3ae01e0c25aea4da72295d","processId":"tczgjf7quf20bw7yz8gwi","period":"12"}
processId=tczgjf7quf20bw7yz8gwi,event=SUCCESS_POST,url=syncSetCampaignManager
processId=2luwyhykbr61xf0mrysb6k,event=NEW_CAMPAIGN,block_number=223,tx_hash=0x4f788d28dbd32b9e4e01fd1adfea3fa1b9ed6f942e40fb007ba6fb4c4894defe,from=0x436af9451bc4a8c169b11e1db45a45c6c3c411db,to=0x1713cce89d309e06e5dddff3442ca0084fc5a0fd,payload={"blockNumber":223,"from":"0x436af9451bc4a8c169b11e1db45a45c6c3c411db","to":"0x1713cce89d309e06e5dddff3442ca0084fc5a0fd","txHash":"0x4f788d28dbd32b9e4e01fd1adfea3fa1b9ed6f942e40fb007ba6fb4c4894defe","processId":"2luwyhykbr61xf0mrysb6k","campaignAddress":"0xeb027de0960e09cdb67a417e0b7a81a92ceb4880"}
processId=2luwyhykbr61xf0mrysb6k,event=STATE_CHANGE,block_number=223,tx_hash=0x4f788d28dbd32b9e4e01fd1adfea3fa1b9ed6f942e40fb007ba6fb4c4894defe,from=0x436af9451bc4a8c169b11e1db45a45c6c3c411db,to=0x1713cce89d309e06e5dddff3442ca0084fc5a0fd,payload={"blockNumber":223,"from":"0x436af9451bc4a8c169b11e1db45a45c6c3c411db","to":"0x1713cce89d309e06e5dddff3442ca0084fc5a0fd","txHash":"0x4f788d28dbd32b9e4e01fd1adfea3fa1b9ed6f942e40fb007ba6fb4c4894defe","processId":"2luwyhykbr61xf0mrysb6k","campaignAddress":"0x02576f1fe78d78a24363c48d65d0d97ab82fd916","state":"2"}
processId=2luwyhykbr61xf0mrysb6k,event=STATE_CHANGE,block_number=223,tx_hash=0x4f788d28dbd32b9e4e01fd1adfea3fa1b9ed6f942e40fb007ba6fb4c4894defe,from=0x436af9451bc4a8c169b11e1db45a45c6c3c411db,to=0x1713cce89d309e06e5dddff3442ca0084fc5a0fd,payload={"blockNumber":223,"from":"0x436af9451bc4a8c169b11e1db45a45c6c3c411db","to":"0x1713cce89d309e06e5dddff3442ca0084fc5a0fd","txHash":"0x4f788d28dbd32b9e4e01fd1adfea3fa1b9ed6f942e40fb007ba6fb4c4894defe","processId":"2luwyhykbr61xf0mrysb6k","campaignAddress":"0x46e394e1eecc43e6fbac054b6ea5ee261eb7443c","state":"1"}
processId=2luwyhykbr61xf0mrysb6k,event=VOTED,block_number=223,tx_hash=0x4f788d28dbd32b9e4e01fd1adfea3fa1b9ed6f942e40fb007ba6fb4c4894defe,from=0x436af9451bc4a8c169b11e1db45a45c6c3c411db,to=0x1713cce89d309e06e5dddff3442ca0084fc5a0fd,payload={"blockNumber":223,"from":"0x436af9451bc4a8c169b11e1db45a45c6c3c411db","to":"0x1713cce89d309e06e5dddff3442ca0084fc5a0fd","txHash":"0x4f788d28dbd32b9e4e01fd1adfea3fa1b9ed6f942e40fb007ba6fb4c4894defe","processId":"2luwyhykbr61xf0mrysb6k","votedKey":"0xa09292754840b7eee9b4d179fe593ec5e671e7195fc697ac42d7b2eaae2d365b"}
processId=2luwyhykbr61xf0mrysb6k,event=UPDATED_PERIOD,block_number=223,tx_hash=0x4f788d28dbd32b9e4e01fd1adfea3fa1b9ed6f942e40fb007ba6fb4c4894defe,from=0x436af9451bc4a8c169b11e1db45a45c6c3c411db,to=0x1713cce89d309e06e5dddff3442ca0084fc5a0fd,payload={"blockNumber":223,"from":"0x436af9451bc4a8c169b11e1db45a45c6c3c411db","to":"0x1713cce89d309e06e5dddff3442ca0084fc5a0fd","txHash":"0x4f788d28dbd32b9e4e01fd1adfea3fa1b9ed6f942e40fb007ba6fb4c4894defe","processId":"2luwyhykbr61xf0mrysb6k","newPeriod":"12"}
processId=2luwyhykbr61xf0mrysb6k,event=SUCCESS_POST,url=syncDBCampaignFromBlockchain
processId=2luwyhykbr61xf0mrysb6k,event=SUCCESS_POST,url=synDBCampaignStateChangeFromBlockchain
processId=2luwyhykbr61xf0mrysb6k,event=SUCCESS_POST,url=synDBCampaignStateChangeFromBlockchain
processId=2luwyhykbr61xf0mrysb6k,event=SUCCESS_POST,url=syncDBVoteFromBlockchain
processId=bj7avd7owzharkuxzvtdgg,event=SLASHED,block_number=224,tx_hash=0x299bdb7b00872ef773fb0895dc8d1c8f34c944ea4475630ca30ceb465692b0cb,from=0x80186a14b130aa115e234291eed067a86f5b2b39,to=0x1713cce89d309e06e5dddff3442ca0084fc5a0fd,payload={"blockNumber":"224","from":"0x80186a14b130aa115e234291eed067a86f5b2b39","to":"0x1713cce89d309e06e5dddff3442ca0084fc5a0fd","txHash":"0x299bdb7b00872ef773fb0895dc8d1c8f34c944ea4475630ca30ceb465692b0cb","processId":"bj7avd7owzharkuxzvtdgg","member":"0x6d1cab076b804babcb39c4d19840fcdd4be7d6b5","amount":"0","actual":"22","expected":"24","diff":"2","period":"12"}
processId=2luwyhykbr61xf0mrysb6k,event=SUCCESS_POST,url=syncUpdatePeriod
processId=bj7avd7owzharkuxzvtdgg,event=SUCCESS_POST,url=syncSlashedAmountFromBlockchain
processId=a1hawboiepo0zxp5xx0zqwe,event=PARTICIPATED,block_number=230,tx_hash=0x981656a52ef737b6861dd5be83f985dbeaeb8c329e6d80ac009f231fa8b8ea8b,from=0x436af9451bc4a8c169b11e1db45a45c6c3c411db,to=0x1713cce89d309e06e5dddff3442ca0084fc5a0fd,payload={"blockNumber":230,"from":"0x436af9451bc4a8c169b11e1db45a45c6c3c411db","to":"0x1713cce89d309e06e5dddff3442ca0084fc5a0fd","txHash":"0x981656a52ef737b6861dd5be83f985dbeaeb8c329e6d80ac009f231fa8b8ea8b","processId":"a1hawboiepo0zxp5xx0zqwe","participant":"0x436af9451bc4a8c169b11e1db45a45c6c3c411db","campaign":"0x46e394e1eecc43e6fbac054b6ea5ee261eb7443c","earned":"450","participationKey":"0x845e45424bcb4baba2aa0c944d8b7fd3535602e8022deb7d02d9dce414b9becd","period":"12"}
processId=a1hawboiepo0zxp5xx0zqwe,event=DISBURSEMENT,block_number=230,tx_hash=0x981656a52ef737b6861dd5be83f985dbeaeb8c329e6d80ac009f231fa8b8ea8b,from=0x436af9451bc4a8c169b11e1db45a45c6c3c411db,to=0x436af9451bc4a8c169b11e1db45a45c6c3c411db,payload={"blockNumber":"230","from":"0x436af9451bc4a8c169b11e1db45a45c6c3c411db","to":"0x436af9451bc4a8c169b11e1db45a45c6c3c411db","txHash":"0x981656a52ef737b6861dd5be83f985dbeaeb8c329e6d80ac009f231fa8b8ea8b","processId":"a1hawboiepo0zxp5xx0zqwe","disbursementId":"0x8f6b100643a25e69745c4c396e2f1f5d992aa5ceb30d19d10e779099a06d7632","allocationType":"0","campaign":"0x46e394e1eecc43e6fbac054b6ea5ee261eb7443c","amount":"450","period":"12"}
processId=a1hawboiepo0zxp5xx0zqwe,event=SUCCESS_POST,url=syncDBParticipantFromBlockchain
processId=a1hawboiepo0zxp5xx0zqwe,event=SUCCESS_POST,url=synDBDisbursementFromBlockchain
processId=0r4esriaza94pcfde3bbp,event=VOTED,block_number=231,tx_hash=0x28e19e30faab39764ef63ee4113778fc5a11ec4a9f132cba2ea7571cc0c52adc,from=0x436af9451bc4a8c169b11e1db45a45c6c3c411db,to=0x03d2d564ad687cd67d5f0a401a974dd106ecc51d,payload={"blockNumber":231,"from":"0x436af9451bc4a8c169b11e1db45a45c6c3c411db","to":"0x03d2d564ad687cd67d5f0a401a974dd106ecc51d","txHash":"0x28e19e30faab39764ef63ee4113778fc5a11ec4a9f132cba2ea7571cc0c52adc","processId":"0r4esriaza94pcfde3bbp","votedKey":"0x1e40b8a962de3d795f5942c3f28ea60f2de6ec6e5d3d2c698d3a923c45234e9e"}
processId=0r4esriaza94pcfde3bbp,event=SUCCESS_POST,url=syncDBVoteFromBlockchain
processId=f0byvqn3d46ekqpz7hcv35,event=PARTICIPATED,block_number=233,tx_hash=0x75301232951a6ac985737c988f7aa303011647270214584615486314ccea16b7,from=0xa2b6c18b763cbb551ab154f4d890a798247130a5,to=0x1713cce89d309e06e5dddff3442ca0084fc5a0fd,payload={"blockNumber":233,"from":"0xa2b6c18b763cbb551ab154f4d890a798247130a5","to":"0x1713cce89d309e06e5dddff3442ca0084fc5a0fd","txHash":"0x75301232951a6ac985737c988f7aa303011647270214584615486314ccea16b7","processId":"f0byvqn3d46ekqpz7hcv35","participant":"0xa2b6c18b763cbb551ab154f4d890a798247130a5","campaign":"0x46e394e1eecc43e6fbac054b6ea5ee261eb7443c","earned":"450","participationKey":"0x0861802ba9bacfb4d687d355110328852c81fb720a58705664322a2ce8e50170","period":"12"}
processId=f0byvqn3d46ekqpz7hcv35,event=DISBURSEMENT,block_number=233,tx_hash=0x75301232951a6ac985737c988f7aa303011647270214584615486314ccea16b7,from=0xa2b6c18b763cbb551ab154f4d890a798247130a5,to=0xa2b6c18b763cbb551ab154f4d890a798247130a5,payload={"blockNumber":"233","from":"0xa2b6c18b763cbb551ab154f4d890a798247130a5","to":"0xa2b6c18b763cbb551ab154f4d890a798247130a5","txHash":"0x75301232951a6ac985737c988f7aa303011647270214584615486314ccea16b7","processId":"f0byvqn3d46ekqpz7hcv35","disbursementId":"0xa45e8256f745c2012dedc5035c7d577479c26ccac7d76d29fe5d0ce841d93716","allocationType":"0","campaign":"0x46e394e1eecc43e6fbac054b6ea5ee261eb7443c","amount":"450","period":"12"}
processId=f0byvqn3d46ekqpz7hcv35,event=SUCCESS_POST,url=syncDBParticipantFromBlockchain
processId=f0byvqn3d46ekqpz7hcv35,event=SUCCESS_POST,url=synDBDisbursementFromBlockchain
processId=wmrvzf4wx2f3x5m006x0ba,event=NEW_CAMPAIGN,block_number=234,tx_hash=0xedb3ae032582ab0cea27a6b95fe3a0d842ffa4ec54c58d69304a94b481ddef03,from=0xa2b6c18b763cbb551ab154f4d890a798247130a5,to=0x23ba6a3c90c2137dfd95475deaa1dcf2b6e3c349,payload={"blockNumber":234,"from":"0xa2b6c18b763cbb551ab154f4d890a798247130a5","to":"0x23ba6a3c90c2137dfd95475deaa1dcf2b6e3c349","txHash":"0xedb3ae032582ab0cea27a6b95fe3a0d842ffa4ec54c58d69304a94b481ddef03","processId":"wmrvzf4wx2f3x5m006x0ba","campaignAddress":"0x1b21439c863e3354917830ff5f3b858ec040552e"}
processId=wmrvzf4wx2f3x5m006x0ba,event=VOTED,block_number=234,tx_hash=0xedb3ae032582ab0cea27a6b95fe3a0d842ffa4ec54c58d69304a94b481ddef03,from=0xa2b6c18b763cbb551ab154f4d890a798247130a5,to=0x23ba6a3c90c2137dfd95475deaa1dcf2b6e3c349,payload={"blockNumber":234,"from":"0xa2b6c18b763cbb551ab154f4d890a798247130a5","to":"0x23ba6a3c90c2137dfd95475deaa1dcf2b6e3c349","txHash":"0xedb3ae032582ab0cea27a6b95fe3a0d842ffa4ec54c58d69304a94b481ddef03","processId":"wmrvzf4wx2f3x5m006x0ba","votedKey":"0x0861802ba9bacfb4d687d355110328852c81fb720a58705664322a2ce8e50170"}
processId=wmrvzf4wx2f3x5m006x0ba,event=SUCCESS_POST,url=syncDBCampaignFromBlockchain
processId=wmrvzf4wx2f3x5m006x0ba,event=SUCCESS_POST,url=syncDBVoteFromBlockchain
disabled_event=ErrorLog
processId=9vz9tzeepwsbb7fuqomhf,event=PARTICIPATED,block_number=237,tx_hash=0x27ab0c097c2cf04b360d31f68777cc964b7f1f17aebc2b8d6db4a7b2ce3b2e0c,from=0x452bfafb69e6bb91a4263cd6dc38b31db151c8d5,to=0x1713cce89d309e06e5dddff3442ca0084fc5a0fd,payload={"blockNumber":237,"from":"0x452bfafb69e6bb91a4263cd6dc38b31db151c8d5","to":"0x1713cce89d309e06e5dddff3442ca0084fc5a0fd","txHash":"0x27ab0c097c2cf04b360d31f68777cc964b7f1f17aebc2b8d6db4a7b2ce3b2e0c","processId":"9vz9tzeepwsbb7fuqomhf","participant":"0x452bfafb69e6bb91a4263cd6dc38b31db151c8d5","campaign":"0x46e394e1eecc43e6fbac054b6ea5ee261eb7443c","earned":"450","participationKey":"0x922b6525bb6a217f804b6f5f53f0fa2e2daa8fa6a3f23ac65b9553ec8c3350e1","period":"12"}
processId=9vz9tzeepwsbb7fuqomhf,event=DISBURSEMENT,block_number=237,tx_hash=0x27ab0c097c2cf04b360d31f68777cc964b7f1f17aebc2b8d6db4a7b2ce3b2e0c,from=0x452bfafb69e6bb91a4263cd6dc38b31db151c8d5,to=0x452bfafb69e6bb91a4263cd6dc38b31db151c8d5,payload={"blockNumber":"237","from":"0x452bfafb69e6bb91a4263cd6dc38b31db151c8d5","to":"0x452bfafb69e6bb91a4263cd6dc38b31db151c8d5","txHash":"0x27ab0c097c2cf04b360d31f68777cc964b7f1f17aebc2b8d6db4a7b2ce3b2e0c","processId":"9vz9tzeepwsbb7fuqomhf","disbursementId":"0xe2b46f5da2291d3f07cc087cc09a97e22afd6af0dc4c27220ee62bf351099f81","allocationType":"0","campaign":"0x46e394e1eecc43e6fbac054b6ea5ee261eb7443c","amount":"450","period":"12"}
processId=e38c5p14rkjnx99n32w78s,event=VOTED,block_number=238,tx_hash=0x121cb116fd49728fe03b4a586d5167fbca2baf8d8333fabdf123247fb0b36d52,from=0x452bfafb69e6bb91a4263cd6dc38b31db151c8d5,to=0x03d2d564ad687cd67d5f0a401a974dd106ecc51d,payload={"blockNumber":238,"from":"0x452bfafb69e6bb91a4263cd6dc38b31db151c8d5","to":"0x03d2d564ad687cd67d5f0a401a974dd106ecc51d","txHash":"0x121cb116fd49728fe03b4a586d5167fbca2baf8d8333fabdf123247fb0b36d52","processId":"e38c5p14rkjnx99n32w78s","votedKey":"0x922b6525bb6a217f804b6f5f53f0fa2e2daa8fa6a3f23ac65b9553ec8c3350e1"}
processId=9vz9tzeepwsbb7fuqomhf,event=SUCCESS_POST,url=syncDBParticipantFromBlockchain
processId=e38c5p14rkjnx99n32w78s,event=SUCCESS_POST,url=syncDBVoteFromBlockchain
processId=9vz9tzeepwsbb7fuqomhf,event=SUCCESS_POST,url=synDBDisbursementFromBlockchain
{ blockNumber: 239,
  from: '0x452bfafb69e6bb91a4263cd6dc38b31db151c8d5',
  to: '0x1713cce89d309e06e5dddff3442ca0084fc5a0fd',
  txHash:
   '0x1be0b4b7803e98330462b841d21118ba233bbba655f6b3cf0f4c6ff3b9da7852',
  processId: 'mkebseurs0c28b3m593b6v',
  period: '13' }
SET_CAMPAIGN_WINNER
processId=mkebseurs0c28b3m593b6v,event=SET_CAMPAIGN_WINNER,block_number=239,tx_hash=0x1be0b4b7803e98330462b841d21118ba233bbba655f6b3cf0f4c6ff3b9da7852,from=0x452bfafb69e6bb91a4263cd6dc38b31db151c8d5,to=0x1713cce89d309e06e5dddff3442ca0084fc5a0fd,payload={"blockNumber":239,"from":"0x452bfafb69e6bb91a4263cd6dc38b31db151c8d5","to":"0x1713cce89d309e06e5dddff3442ca0084fc5a0fd","txHash":"0x1be0b4b7803e98330462b841d21118ba233bbba655f6b3cf0f4c6ff3b9da7852","processId":"mkebseurs0c28b3m593b6v","period":"13"}
processId=mkebseurs0c28b3m593b6v,event=SUCCESS_POST,url=syncSetCampaignManager
